------------ dcc_short_labels:['4DN', 'ERCC', 'GTEx', 'GlyGen', 'HMP', 'HuBMAP', 'IDG', 'KidsFirst', 'LINCS', 'Metabolomics', 'MoTrPAC', 'SPARC']
********** DCC name (dcc_short_label) specified as an argument: 4DN; will use schema_name: _4dn, so, will ingest only from that DCC.
DROP SCHEMA IF EXISTS _4dn CASCADE;
Creating _4dn
=================== table_name: file ===========================
---- Column name: id_namespace: information read ----
---- Column name: local_id: information read ----
---- Column name: project_id_namespace: information read ----
---- Column name: project_local_id: information read ----
---- Column name: persistent_id: information read ----
---- Column name: creation_time: information read ----
---- Column name: size_in_bytes: information read ----
---- Column name: uncompressed_size_in_bytes: information read ----
---- Column name: sha256: information read ----
---- Column name: md5: information read ----
---- Column name: filename: information read ----
---- Column name: file_format: information read ----
---- Column name: compression_format: information read ----
---- Column name: data_type: information read ----
---- Column name: assay_type: information read ----
---- Column name: analysis_type: information read ----
---- Column name: mime_type: information read ----
---- Column name: bundle_collection_id_namespace: information read ----
---- Column name: bundle_collection_local_id: information read ----
---- Column name: dbgap_study_id: information read ----
create_table_query:
CREATE TABLE _4dn.file (
id_namespace VARCHAR NOT NULL, 
local_id VARCHAR NOT NULL, 
project_id_namespace VARCHAR NOT NULL, 
project_local_id VARCHAR NOT NULL, 
persistent_id VARCHAR DEFAULT '', 
creation_time VARCHAR DEFAULT '', 
size_in_bytes VARCHAR DEFAULT '', 
uncompressed_size_in_bytes VARCHAR DEFAULT '', 
sha256 VARCHAR DEFAULT '', 
md5 VARCHAR DEFAULT '', 
filename VARCHAR NOT NULL, 
file_format VARCHAR DEFAULT '', 
compression_format VARCHAR DEFAULT '', 
data_type VARCHAR DEFAULT '', 
assay_type VARCHAR DEFAULT '', 
analysis_type VARCHAR DEFAULT '', 
mime_type VARCHAR DEFAULT '', 
bundle_collection_id_namespace VARCHAR DEFAULT '', 
bundle_collection_local_id VARCHAR DEFAULT '', 
dbgap_study_id VARCHAR DEFAULT '',
PRIMARY KEY(id_namespace, local_id)
);
=================== table_name: biosample ===========================
---- Column name: id_namespace: information read ----
---- Column name: local_id: information read ----
---- Column name: project_id_namespace: information read ----
---- Column name: project_local_id: information read ----
---- Column name: persistent_id: information read ----
---- Column name: creation_time: information read ----
---- Column name: sample_prep_method: information read ----
---- Column name: anatomy: information read ----
create_table_query:
CREATE TABLE _4dn.biosample (
id_namespace VARCHAR NOT NULL, 
local_id VARCHAR NOT NULL, 
project_id_namespace VARCHAR NOT NULL, 
project_local_id VARCHAR NOT NULL, 
persistent_id VARCHAR DEFAULT '', 
creation_time VARCHAR DEFAULT '', 
sample_prep_method VARCHAR DEFAULT '', 
anatomy VARCHAR DEFAULT '',
PRIMARY KEY(id_namespace, local_id)
);
=================== table_name: subject ===========================
---- Column name: id_namespace: information read ----
---- Column name: local_id: information read ----
---- Column name: project_id_namespace: information read ----
---- Column name: project_local_id: information read ----
---- Column name: persistent_id: information read ----
---- Column name: creation_time: information read ----
---- Column name: granularity: information read ----
---- Column name: sex: information read ----
---- Column name: ethnicity: information read ----
---- Column name: age_at_enrollment: information read ----
create_table_query:
CREATE TABLE _4dn.subject (
id_namespace VARCHAR NOT NULL, 
local_id VARCHAR NOT NULL, 
project_id_namespace VARCHAR NOT NULL, 
project_local_id VARCHAR NOT NULL, 
persistent_id VARCHAR DEFAULT '', 
creation_time VARCHAR DEFAULT '', 
granularity VARCHAR NOT NULL, 
sex VARCHAR DEFAULT '', 
ethnicity VARCHAR DEFAULT '', 
age_at_enrollment VARCHAR DEFAULT '',
PRIMARY KEY(id_namespace, local_id)
);
=================== table_name: dcc ===========================
---- Column name: id: information read ----
---- Column name: dcc_name: information read ----
---- Column name: dcc_abbreviation: information read ----
---- Column name: dcc_description: information read ----
---- Column name: contact_email: information read ----
---- Column name: contact_name: information read ----
---- Column name: dcc_url: information read ----
---- Column name: project_id_namespace: information read ----
---- Column name: project_local_id: information read ----
create_table_query:
CREATE TABLE _4dn.dcc (
id VARCHAR NOT NULL, 
dcc_name VARCHAR NOT NULL, 
dcc_abbreviation VARCHAR NOT NULL, 
dcc_description VARCHAR DEFAULT '', 
contact_email VARCHAR NOT NULL, 
contact_name VARCHAR NOT NULL, 
dcc_url VARCHAR NOT NULL, 
project_id_namespace VARCHAR NOT NULL, 
project_local_id VARCHAR NOT NULL,
PRIMARY KEY(id)
);
=================== table_name: project ===========================
---- Column name: id_namespace: information read ----
---- Column name: local_id: information read ----
---- Column name: persistent_id: information read ----
---- Column name: creation_time: information read ----
---- Column name: abbreviation: information read ----
---- Column name: name: information read ----
---- Column name: description: information read ----
create_table_query:
CREATE TABLE _4dn.project (
id_namespace VARCHAR NOT NULL, 
local_id VARCHAR NOT NULL, 
persistent_id VARCHAR DEFAULT '', 
creation_time VARCHAR DEFAULT '', 
abbreviation VARCHAR DEFAULT '', 
name VARCHAR NOT NULL, 
description VARCHAR DEFAULT '',
PRIMARY KEY(id_namespace, local_id)
);
=================== table_name: project_in_project ===========================
---- Column name: parent_project_id_namespace: information read ----
---- Column name: parent_project_local_id: information read ----
---- Column name: child_project_id_namespace: information read ----
---- Column name: child_project_local_id: information read ----
create_table_query:
CREATE TABLE _4dn.project_in_project (
parent_project_id_namespace VARCHAR NOT NULL, 
parent_project_local_id VARCHAR NOT NULL, 
child_project_id_namespace VARCHAR NOT NULL, 
child_project_local_id VARCHAR NOT NULL,
PRIMARY KEY(parent_project_id_namespace, parent_project_local_id, child_project_id_namespace, child_project_local_id)
);
=================== table_name: collection ===========================
---- Column name: id_namespace: information read ----
---- Column name: local_id: information read ----
---- Column name: persistent_id: information read ----
---- Column name: creation_time: information read ----
---- Column name: abbreviation: information read ----
---- Column name: name: information read ----
---- Column name: description: information read ----
---- Column name: has_time_series_data: information read ----
create_table_query:
CREATE TABLE _4dn.collection (
id_namespace VARCHAR NOT NULL, 
local_id VARCHAR NOT NULL, 
persistent_id VARCHAR DEFAULT '', 
creation_time VARCHAR DEFAULT '', 
abbreviation VARCHAR DEFAULT '', 
name VARCHAR NOT NULL, 
description VARCHAR DEFAULT '', 
has_time_series_data VARCHAR DEFAULT '',
PRIMARY KEY(id_namespace, local_id)
);
=================== table_name: collection_in_collection ===========================
---- Column name: superset_collection_id_namespace: information read ----
---- Column name: superset_collection_local_id: information read ----
---- Column name: subset_collection_id_namespace: information read ----
---- Column name: subset_collection_local_id: information read ----
create_table_query:
CREATE TABLE _4dn.collection_in_collection (
superset_collection_id_namespace VARCHAR NOT NULL, 
superset_collection_local_id VARCHAR NOT NULL, 
subset_collection_id_namespace VARCHAR NOT NULL, 
subset_collection_local_id VARCHAR NOT NULL,
PRIMARY KEY(superset_collection_id_namespace, superset_collection_local_id, subset_collection_id_namespace, subset_collection_local_id)
);
=================== table_name: file_describes_collection ===========================
---- Column name: file_id_namespace: information read ----
---- Column name: file_local_id: information read ----
---- Column name: collection_id_namespace: information read ----
---- Column name: collection_local_id: information read ----
create_table_query:
CREATE TABLE _4dn.file_describes_collection (
file_id_namespace VARCHAR NOT NULL, 
file_local_id VARCHAR NOT NULL, 
collection_id_namespace VARCHAR NOT NULL, 
collection_local_id VARCHAR NOT NULL,
PRIMARY KEY(file_id_namespace, file_local_id, collection_id_namespace, collection_local_id)
);
=================== table_name: collection_defined_by_project ===========================
---- Column name: collection_id_namespace: information read ----
---- Column name: collection_local_id: information read ----
---- Column name: project_id_namespace: information read ----
---- Column name: project_local_id: information read ----
create_table_query:
CREATE TABLE _4dn.collection_defined_by_project (
collection_id_namespace VARCHAR NOT NULL, 
collection_local_id VARCHAR NOT NULL, 
project_id_namespace VARCHAR NOT NULL, 
project_local_id VARCHAR NOT NULL,
PRIMARY KEY(collection_id_namespace, collection_local_id, project_id_namespace, project_local_id)
);
=================== table_name: file_in_collection ===========================
---- Column name: file_id_namespace: information read ----
---- Column name: file_local_id: information read ----
---- Column name: collection_id_namespace: information read ----
---- Column name: collection_local_id: information read ----
create_table_query:
CREATE TABLE _4dn.file_in_collection (
file_id_namespace VARCHAR NOT NULL, 
file_local_id VARCHAR NOT NULL, 
collection_id_namespace VARCHAR NOT NULL, 
collection_local_id VARCHAR NOT NULL,
PRIMARY KEY(file_id_namespace, file_local_id, collection_id_namespace, collection_local_id)
);
=================== table_name: biosample_in_collection ===========================
---- Column name: biosample_id_namespace: information read ----
---- Column name: biosample_local_id: information read ----
---- Column name: collection_id_namespace: information read ----
---- Column name: collection_local_id: information read ----
create_table_query:
CREATE TABLE _4dn.biosample_in_collection (
biosample_id_namespace VARCHAR NOT NULL, 
biosample_local_id VARCHAR NOT NULL, 
collection_id_namespace VARCHAR NOT NULL, 
collection_local_id VARCHAR NOT NULL,
PRIMARY KEY(biosample_id_namespace, biosample_local_id, collection_id_namespace, collection_local_id)
);
=================== table_name: subject_in_collection ===========================
---- Column name: subject_id_namespace: information read ----
---- Column name: subject_local_id: information read ----
---- Column name: collection_id_namespace: information read ----
---- Column name: collection_local_id: information read ----
create_table_query:
CREATE TABLE _4dn.subject_in_collection (
subject_id_namespace VARCHAR NOT NULL, 
subject_local_id VARCHAR NOT NULL, 
collection_id_namespace VARCHAR NOT NULL, 
collection_local_id VARCHAR NOT NULL,
PRIMARY KEY(subject_id_namespace, subject_local_id, collection_id_namespace, collection_local_id)
);
=================== table_name: file_describes_biosample ===========================
---- Column name: file_id_namespace: information read ----
---- Column name: file_local_id: information read ----
---- Column name: biosample_id_namespace: information read ----
---- Column name: biosample_local_id: information read ----
create_table_query:
CREATE TABLE _4dn.file_describes_biosample (
file_id_namespace VARCHAR NOT NULL, 
file_local_id VARCHAR NOT NULL, 
biosample_id_namespace VARCHAR NOT NULL, 
biosample_local_id VARCHAR NOT NULL,
PRIMARY KEY(file_id_namespace, file_local_id, biosample_id_namespace, biosample_local_id)
);
=================== table_name: file_describes_subject ===========================
---- Column name: file_id_namespace: information read ----
---- Column name: file_local_id: information read ----
---- Column name: subject_id_namespace: information read ----
---- Column name: subject_local_id: information read ----
create_table_query:
CREATE TABLE _4dn.file_describes_subject (
file_id_namespace VARCHAR NOT NULL, 
file_local_id VARCHAR NOT NULL, 
subject_id_namespace VARCHAR NOT NULL, 
subject_local_id VARCHAR NOT NULL,
PRIMARY KEY(file_id_namespace, file_local_id, subject_id_namespace, subject_local_id)
);
=================== table_name: biosample_from_subject ===========================
---- Column name: biosample_id_namespace: information read ----
---- Column name: biosample_local_id: information read ----
---- Column name: subject_id_namespace: information read ----
---- Column name: subject_local_id: information read ----
---- Column name: age_at_sampling: information read ----
create_table_query:
CREATE TABLE _4dn.biosample_from_subject (
biosample_id_namespace VARCHAR NOT NULL, 
biosample_local_id VARCHAR NOT NULL, 
subject_id_namespace VARCHAR NOT NULL, 
subject_local_id VARCHAR NOT NULL, 
age_at_sampling VARCHAR DEFAULT '',
PRIMARY KEY(biosample_id_namespace, biosample_local_id, subject_id_namespace, subject_local_id)
);
=================== table_name: biosample_disease ===========================
---- Column name: biosample_id_namespace: information read ----
---- Column name: biosample_local_id: information read ----
---- Column name: association_type: information read ----
---- Column name: disease: information read ----
create_table_query:
CREATE TABLE _4dn.biosample_disease (
biosample_id_namespace VARCHAR NOT NULL, 
biosample_local_id VARCHAR NOT NULL, 
association_type VARCHAR NOT NULL, 
disease VARCHAR NOT NULL,
PRIMARY KEY(biosample_id_namespace, biosample_local_id, association_type, disease)
);
=================== table_name: subject_disease ===========================
---- Column name: subject_id_namespace: information read ----
---- Column name: subject_local_id: information read ----
---- Column name: association_type: information read ----
---- Column name: disease: information read ----
create_table_query:
CREATE TABLE _4dn.subject_disease (
subject_id_namespace VARCHAR NOT NULL, 
subject_local_id VARCHAR NOT NULL, 
association_type VARCHAR NOT NULL, 
disease VARCHAR NOT NULL,
PRIMARY KEY(subject_id_namespace, subject_local_id, association_type, disease)
);
=================== table_name: collection_disease ===========================
---- Column name: collection_id_namespace: information read ----
---- Column name: collection_local_id: information read ----
---- Column name: disease: information read ----
create_table_query:
CREATE TABLE _4dn.collection_disease (
collection_id_namespace VARCHAR NOT NULL, 
collection_local_id VARCHAR NOT NULL, 
disease VARCHAR NOT NULL,
PRIMARY KEY(collection_id_namespace, collection_local_id, disease)
);
=================== table_name: collection_phenotype ===========================
---- Column name: collection_id_namespace: information read ----
---- Column name: collection_local_id: information read ----
---- Column name: phenotype: information read ----
create_table_query:
CREATE TABLE _4dn.collection_phenotype (
collection_id_namespace VARCHAR NOT NULL, 
collection_local_id VARCHAR NOT NULL, 
phenotype VARCHAR NOT NULL,
PRIMARY KEY(collection_id_namespace, collection_local_id, phenotype)
);
=================== table_name: collection_gene ===========================
---- Column name: collection_id_namespace: information read ----
---- Column name: collection_local_id: information read ----
---- Column name: gene: information read ----
create_table_query:
CREATE TABLE _4dn.collection_gene (
collection_id_namespace VARCHAR NOT NULL, 
collection_local_id VARCHAR NOT NULL, 
gene VARCHAR NOT NULL,
PRIMARY KEY(collection_id_namespace, collection_local_id, gene)
);
=================== table_name: collection_compound ===========================
---- Column name: collection_id_namespace: information read ----
---- Column name: collection_local_id: information read ----
---- Column name: compound: information read ----
create_table_query:
CREATE TABLE _4dn.collection_compound (
collection_id_namespace VARCHAR NOT NULL, 
collection_local_id VARCHAR NOT NULL, 
compound VARCHAR NOT NULL,
PRIMARY KEY(collection_id_namespace, collection_local_id, compound)
);
=================== table_name: collection_substance ===========================
---- Column name: collection_id_namespace: information read ----
---- Column name: collection_local_id: information read ----
---- Column name: substance: information read ----
create_table_query:
CREATE TABLE _4dn.collection_substance (
collection_id_namespace VARCHAR NOT NULL, 
collection_local_id VARCHAR NOT NULL, 
substance VARCHAR NOT NULL,
PRIMARY KEY(collection_id_namespace, collection_local_id, substance)
);
=================== table_name: collection_taxonomy ===========================
---- Column name: collection_id_namespace: information read ----
---- Column name: collection_local_id: information read ----
---- Column name: taxon: information read ----
create_table_query:
CREATE TABLE _4dn.collection_taxonomy (
collection_id_namespace VARCHAR NOT NULL, 
collection_local_id VARCHAR NOT NULL, 
taxon VARCHAR NOT NULL,
PRIMARY KEY(collection_id_namespace, collection_local_id, taxon)
);
=================== table_name: collection_anatomy ===========================
---- Column name: collection_id_namespace: information read ----
---- Column name: collection_local_id: information read ----
---- Column name: anatomy: information read ----
create_table_query:
CREATE TABLE _4dn.collection_anatomy (
collection_id_namespace VARCHAR NOT NULL, 
collection_local_id VARCHAR NOT NULL, 
anatomy VARCHAR NOT NULL,
PRIMARY KEY(collection_id_namespace, collection_local_id, anatomy)
);
=================== table_name: collection_protein ===========================
---- Column name: collection_id_namespace: information read ----
---- Column name: collection_local_id: information read ----
---- Column name: protein: information read ----
create_table_query:
CREATE TABLE _4dn.collection_protein (
collection_id_namespace VARCHAR NOT NULL, 
collection_local_id VARCHAR NOT NULL, 
protein VARCHAR NOT NULL,
PRIMARY KEY(collection_id_namespace, collection_local_id, protein)
);
=================== table_name: subject_phenotype ===========================
---- Column name: subject_id_namespace: information read ----
---- Column name: subject_local_id: information read ----
---- Column name: association_type: information read ----
---- Column name: phenotype: information read ----
create_table_query:
CREATE TABLE _4dn.subject_phenotype (
subject_id_namespace VARCHAR NOT NULL, 
subject_local_id VARCHAR NOT NULL, 
association_type VARCHAR NOT NULL, 
phenotype VARCHAR NOT NULL,
PRIMARY KEY(subject_id_namespace, subject_local_id, association_type, phenotype)
);
=================== table_name: biosample_substance ===========================
---- Column name: biosample_id_namespace: information read ----
---- Column name: biosample_local_id: information read ----
---- Column name: substance: information read ----
create_table_query:
CREATE TABLE _4dn.biosample_substance (
biosample_id_namespace VARCHAR NOT NULL, 
biosample_local_id VARCHAR NOT NULL, 
substance VARCHAR NOT NULL,
PRIMARY KEY(biosample_id_namespace, biosample_local_id, substance)
);
=================== table_name: subject_substance ===========================
---- Column name: subject_id_namespace: information read ----
---- Column name: subject_local_id: information read ----
---- Column name: substance: information read ----
create_table_query:
CREATE TABLE _4dn.subject_substance (
subject_id_namespace VARCHAR NOT NULL, 
subject_local_id VARCHAR NOT NULL, 
substance VARCHAR NOT NULL,
PRIMARY KEY(subject_id_namespace, subject_local_id, substance)
);
=================== table_name: biosample_gene ===========================
---- Column name: biosample_id_namespace: information read ----
---- Column name: biosample_local_id: information read ----
---- Column name: gene: information read ----
create_table_query:
CREATE TABLE _4dn.biosample_gene (
biosample_id_namespace VARCHAR NOT NULL, 
biosample_local_id VARCHAR NOT NULL, 
gene VARCHAR NOT NULL,
PRIMARY KEY(biosample_id_namespace, biosample_local_id, gene)
);
=================== table_name: phenotype_gene ===========================
---- Column name: phenotype: information read ----
---- Column name: gene: information read ----
create_table_query:
CREATE TABLE _4dn.phenotype_gene (
phenotype VARCHAR NOT NULL, 
gene VARCHAR NOT NULL,
PRIMARY KEY(phenotype, gene)
);
=================== table_name: phenotype_disease ===========================
---- Column name: phenotype: information read ----
---- Column name: disease: information read ----
create_table_query:
CREATE TABLE _4dn.phenotype_disease (
phenotype VARCHAR NOT NULL, 
disease VARCHAR NOT NULL,
PRIMARY KEY(phenotype, disease)
);
=================== table_name: subject_race ===========================
---- Column name: subject_id_namespace: information read ----
---- Column name: subject_local_id: information read ----
---- Column name: race: information read ----
create_table_query:
CREATE TABLE _4dn.subject_race (
subject_id_namespace VARCHAR NOT NULL, 
subject_local_id VARCHAR NOT NULL, 
race VARCHAR DEFAULT '',
PRIMARY KEY(subject_id_namespace, subject_local_id, race)
);
=================== table_name: subject_role_taxonomy ===========================
---- Column name: subject_id_namespace: information read ----
---- Column name: subject_local_id: information read ----
---- Column name: role_id: information read ----
---- Column name: taxonomy_id: information read ----
create_table_query:
CREATE TABLE _4dn.subject_role_taxonomy (
subject_id_namespace VARCHAR NOT NULL, 
subject_local_id VARCHAR NOT NULL, 
role_id VARCHAR NOT NULL, 
taxonomy_id VARCHAR NOT NULL,
PRIMARY KEY(subject_id_namespace, subject_local_id, role_id, taxonomy_id)
);
=================== table_name: assay_type ===========================
---- Column name: id: information read ----
---- Column name: name: information read ----
---- Column name: description: information read ----
---- Column name: synonyms: information read ----
create_table_query:
CREATE TABLE _4dn.assay_type (
id VARCHAR NOT NULL, 
name VARCHAR NOT NULL, 
description VARCHAR DEFAULT '', 
synonyms VARCHAR DEFAULT '',
PRIMARY KEY(id)
);
=================== table_name: analysis_type ===========================
---- Column name: id: information read ----
---- Column name: name: information read ----
---- Column name: description: information read ----
---- Column name: synonyms: information read ----
create_table_query:
CREATE TABLE _4dn.analysis_type (
id VARCHAR NOT NULL, 
name VARCHAR NOT NULL, 
description VARCHAR DEFAULT '', 
synonyms VARCHAR DEFAULT '',
PRIMARY KEY(id)
);
=================== table_name: ncbi_taxonomy ===========================
---- Column name: id: information read ----
---- Column name: clade: information read ----
---- Column name: name: information read ----
---- Column name: description: information read ----
---- Column name: synonyms: information read ----
create_table_query:
CREATE TABLE _4dn.ncbi_taxonomy (
id VARCHAR NOT NULL, 
clade VARCHAR NOT NULL, 
name VARCHAR NOT NULL, 
description VARCHAR DEFAULT '', 
synonyms VARCHAR DEFAULT '',
PRIMARY KEY(id)
);
=================== table_name: anatomy ===========================
---- Column name: id: information read ----
---- Column name: name: information read ----
---- Column name: description: information read ----
---- Column name: synonyms: information read ----
create_table_query:
CREATE TABLE _4dn.anatomy (
id VARCHAR NOT NULL, 
name VARCHAR NOT NULL, 
description VARCHAR DEFAULT '', 
synonyms VARCHAR DEFAULT '',
PRIMARY KEY(id)
);
=================== table_name: file_format ===========================
---- Column name: id: information read ----
---- Column name: name: information read ----
---- Column name: description: information read ----
---- Column name: synonyms: information read ----
create_table_query:
CREATE TABLE _4dn.file_format (
id VARCHAR NOT NULL, 
name VARCHAR NOT NULL, 
description VARCHAR DEFAULT '', 
synonyms VARCHAR DEFAULT '',
PRIMARY KEY(id)
);
=================== table_name: data_type ===========================
---- Column name: id: information read ----
---- Column name: name: information read ----
---- Column name: description: information read ----
---- Column name: synonyms: information read ----
create_table_query:
CREATE TABLE _4dn.data_type (
id VARCHAR NOT NULL, 
name VARCHAR NOT NULL, 
description VARCHAR DEFAULT '', 
synonyms VARCHAR DEFAULT '',
PRIMARY KEY(id)
);
=================== table_name: disease ===========================
---- Column name: id: information read ----
---- Column name: name: information read ----
---- Column name: description: information read ----
---- Column name: synonyms: information read ----
create_table_query:
CREATE TABLE _4dn.disease (
id VARCHAR NOT NULL, 
name VARCHAR NOT NULL, 
description VARCHAR DEFAULT '', 
synonyms VARCHAR DEFAULT '',
PRIMARY KEY(id)
);
=================== table_name: phenotype ===========================
---- Column name: id: information read ----
---- Column name: name: information read ----
---- Column name: description: information read ----
---- Column name: synonyms: information read ----
create_table_query:
CREATE TABLE _4dn.phenotype (
id VARCHAR NOT NULL, 
name VARCHAR NOT NULL, 
description VARCHAR DEFAULT '', 
synonyms VARCHAR DEFAULT '',
PRIMARY KEY(id)
);
=================== table_name: compound ===========================
---- Column name: id: information read ----
---- Column name: name: information read ----
---- Column name: description: information read ----
---- Column name: synonyms: information read ----
create_table_query:
CREATE TABLE _4dn.compound (
id VARCHAR NOT NULL, 
name VARCHAR NOT NULL, 
description VARCHAR DEFAULT '', 
synonyms VARCHAR DEFAULT '',
PRIMARY KEY(id)
);
=================== table_name: substance ===========================
---- Column name: id: information read ----
---- Column name: name: information read ----
---- Column name: description: information read ----
---- Column name: synonyms: information read ----
---- Column name: compound: information read ----
create_table_query:
CREATE TABLE _4dn.substance (
id VARCHAR NOT NULL, 
name VARCHAR NOT NULL, 
description VARCHAR DEFAULT '', 
synonyms VARCHAR DEFAULT '', 
compound VARCHAR NOT NULL,
PRIMARY KEY(id)
);
=================== table_name: gene ===========================
---- Column name: id: information read ----
---- Column name: name: information read ----
---- Column name: description: information read ----
---- Column name: synonyms: information read ----
---- Column name: organism: information read ----
create_table_query:
CREATE TABLE _4dn.gene (
id VARCHAR NOT NULL, 
name VARCHAR NOT NULL, 
description VARCHAR DEFAULT '', 
synonyms VARCHAR DEFAULT '', 
organism VARCHAR NOT NULL,
PRIMARY KEY(id)
);
=================== table_name: protein ===========================
---- Column name: id: information read ----
---- Column name: name: information read ----
---- Column name: description: information read ----
---- Column name: synonyms: information read ----
---- Column name: organism: information read ----
create_table_query:
CREATE TABLE _4dn.protein (
id VARCHAR NOT NULL, 
name VARCHAR NOT NULL, 
description VARCHAR DEFAULT '', 
synonyms VARCHAR DEFAULT '', 
organism VARCHAR DEFAULT '',
PRIMARY KEY(id)
);
=================== table_name: protein_gene ===========================
---- Column name: protein: information read ----
---- Column name: gene: information read ----
create_table_query:
CREATE TABLE _4dn.protein_gene (
protein VARCHAR NOT NULL, 
gene VARCHAR NOT NULL,
PRIMARY KEY(protein, gene)
);
=================== table_name: sample_prep_method ===========================
---- Column name: id: information read ----
---- Column name: name: information read ----
---- Column name: description: information read ----
---- Column name: synonyms: information read ----
create_table_query:
CREATE TABLE _4dn.sample_prep_method (
id VARCHAR NOT NULL, 
name VARCHAR NOT NULL, 
description VARCHAR DEFAULT '', 
synonyms VARCHAR DEFAULT '',
PRIMARY KEY(id)
);
=================== table_name: id_namespace ===========================
---- Column name: id: information read ----
---- Column name: abbreviation: information read ----
---- Column name: name: information read ----
---- Column name: description: information read ----
create_table_query:
CREATE TABLE _4dn.id_namespace (
id VARCHAR NOT NULL, 
abbreviation VARCHAR DEFAULT '', 
name VARCHAR NOT NULL, 
description VARCHAR DEFAULT '',
PRIMARY KEY(id)
);
================== Defined all tables ======================
>>>>>>>>>>>>>>>>>>>>>>>>>>>>> Time taken to define table: 0.13456225395202637 seconds.

Names of all tables:
['file', 'biosample', 'subject', 'dcc', 'project', 'project_in_project', 'collection', 'collection_in_collection', 'file_describes_collection', 'collection_defined_by_project', 'file_in_collection', 'biosample_in_collection', 'subject_in_collection', 'file_describes_biosample', 'file_describes_subject', 'biosample_from_subject', 'biosample_disease', 'subject_disease', 'collection_disease', 'collection_phenotype', 'collection_gene', 'collection_compound', 'collection_substance', 'collection_taxonomy', 'collection_anatomy', 'collection_protein', 'subject_phenotype', 'biosample_substance', 'subject_substance', 'biosample_gene', 'phenotype_gene', 'phenotype_disease', 'subject_race', 'subject_role_taxonomy', 'assay_type', 'analysis_type', 'ncbi_taxonomy', 'anatomy', 'file_format', 'data_type', 'disease', 'phenotype', 'compound', 'substance', 'gene', 'protein', 'protein_gene', 'sample_prep_method', 'id_namespace']

Going to ingest metadata from files


********* c2m2s dataframe, before checking if a single DCC is to be processed, is: **********
    filetype  ... dcc_short_label
30      C2M2  ...             4DN
31      C2M2  ...    Metabolomics
32      C2M2  ...          GlyGen
33      C2M2  ...          HuBMAP
34      C2M2  ...       KidsFirst
35      C2M2  ...           SPARC
74      C2M2  ...            ERCC
81      C2M2  ...         MoTrPAC
93      C2M2  ...            GTEx
107     C2M2  ...             HMP
123     C2M2  ...             IDG
146     C2M2  ...           LINCS

[12 rows x 14 columns]

********* c2m2s dataframe is: **********
   filetype  ... dcc_short_label
30     C2M2  ...             4DN

[1 rows x 14 columns]
Processing C2M2 Files...:   0%|          | 0/1 [00:00<?, ?it/s]
================================== DCC short label: 4DN =============================================
Unpack zip file: c2m2_extract_path: ingest/c2m2s/4DN/240605_c2m2_4dn_submission
--------- ingest/c2m2s/4DN/240605_c2m2_4dn_submission/240605_c2m2_4dn_submission/dcc.tsv ---------
table_name:dcc
4DN: dcc: Read from file: df: #rows = 1, #cols: 9

#Lines in file ingest/c2m2s/4DN/240605_c2m2_4dn_submission/240605_c2m2_4dn_submission/dcc.tsv: 2
df: #rows = 1, #cols: 9
pKeys: ['id']
*** Entering dcc to database ***
df: #rows = 1, #cols: 9

A slice of df:
                      id  ...           contact_email
0  cfde_registry_dcc:4dn  ...  support@4dnucleome.org

[1 rows x 5 columns]
Data inserted successfully!
>>> All good.
>>>>>>>> Time taken to ingest the metadata from this file: 0.08746862411499023 seconds.

--------- ingest/c2m2s/4DN/240605_c2m2_4dn_submission/240605_c2m2_4dn_submission/id_namespace.tsv ---------
table_name:id_namespace
4DN: id_namespace: Read from file: df: #rows = 1, #cols: 4

#Lines in file ingest/c2m2s/4DN/240605_c2m2_4dn_submission/240605_c2m2_4dn_submission/id_namespace.tsv: 2
df: #rows = 1, #cols: 4
pKeys: ['id']
*** Entering id_namespace to database ***
df: #rows = 1, #cols: 4

A slice of df:
                            id  ...                                        description
0  https://data.4dnucleome.org  ...  Study of the three-dimensional organization of...

[1 rows x 4 columns]
Data inserted successfully!
>>> All good.
>>>>>>>> Time taken to ingest the metadata from this file: 0.05718636512756348 seconds.

--------- ingest/c2m2s/4DN/240605_c2m2_4dn_submission/240605_c2m2_4dn_submission/disease.tsv ---------
table_name:disease
4DN: disease: Read from file: df: #rows = 0, #cols: 4

#Lines in file ingest/c2m2s/4DN/240605_c2m2_4dn_submission/240605_c2m2_4dn_submission/disease.tsv: 1
>>>>>>>> Time taken to ingest the metadata from this file: 0.02602076530456543 seconds.

--------- ingest/c2m2s/4DN/240605_c2m2_4dn_submission/240605_c2m2_4dn_submission/data_type.tsv ---------
table_name:data_type
4DN: data_type: Read from file: df: #rows = 5, #cols: 4

#Lines in file ingest/c2m2s/4DN/240605_c2m2_4dn_submission/240605_c2m2_4dn_submission/data_type.tsv: 6
df: #rows = 5, #cols: 4
pKeys: ['id']
*** Entering data_type to database ***
df: #rows = 5, #cols: 4

A slice of df:
          id  ...                                           synonyms
0  data:1383  ...  ["Sequence alignment (nucleic acid)","RNA sequ...
1  data:2082  ...                                          ["Array"]
2  data:2887  ...  ["Sequence record (nucleic acid)","Nucleotide ...
3  data:2968  ...                                     ["Image data"]
4  data:3002  ...  ["Genome-browser track","Genome annotation tra...

[5 rows x 4 columns]
Data inserted successfully!
>>> All good.
>>>>>>>> Time taken to ingest the metadata from this file: 0.05889272689819336 seconds.

--------- ingest/c2m2s/4DN/240605_c2m2_4dn_submission/240605_c2m2_4dn_submission/collection_disease.tsv ---------
table_name:collection_disease
4DN: collection_disease: Read from file: df: #rows = 0, #cols: 3

#Lines in file ingest/c2m2s/4DN/240605_c2m2_4dn_submission/240605_c2m2_4dn_submission/collection_disease.tsv: 1
>>>>>>>> Time taken to ingest the metadata from this file: 0.02504897117614746 seconds.

--------- ingest/c2m2s/4DN/240605_c2m2_4dn_submission/240605_c2m2_4dn_submission/file_in_collection.tsv ---------
table_name:file_in_collection
4DN: file_in_collection: Read from file: df: #rows = 46073, #cols: 4

#Lines in file ingest/c2m2s/4DN/240605_c2m2_4dn_submission/240605_c2m2_4dn_submission/file_in_collection.tsv: 46074
df: #rows = 46073, #cols: 4
pKeys: ['file_id_namespace', 'file_local_id', 'collection_id_namespace', 'collection_local_id']
Going to write the count query
Wrote the count query
*** Entering file_in_collection to database ***
df: #rows = 46073, #cols: 4

A slice of df:
             file_id_namespace  ...                   collection_local_id
0  https://data.4dnucleome.org  ...  4f110096-4598-4a54-b203-4eea4421df9b
1  https://data.4dnucleome.org  ...  4f110096-4598-4a54-b203-4eea4421df9b
2  https://data.4dnucleome.org  ...  4f110096-4598-4a54-b203-4eea4421df9b
3  https://data.4dnucleome.org  ...  d5ac3a96-f77e-4b5b-8c9c-12b5c51ec606
4  https://data.4dnucleome.org  ...  d5ac3a96-f77e-4b5b-8c9c-12b5c51ec606
5  https://data.4dnucleome.org  ...  5cec579b-7daa-4eb1-8e96-a58ee62ca4e3
6  https://data.4dnucleome.org  ...  5cec579b-7daa-4eb1-8e96-a58ee62ca4e3
7  https://data.4dnucleome.org  ...  5cec579b-7daa-4eb1-8e96-a58ee62ca4e3
8  https://data.4dnucleome.org  ...  5cec579b-7daa-4eb1-8e96-a58ee62ca4e3
9  https://data.4dnucleome.org  ...  5cec579b-7daa-4eb1-8e96-a58ee62ca4e3

[10 rows x 4 columns]
Data inserted successfully!
sql_count_df:    count
0  46073
count:46073
>>> All good.
>>>>>>>> Time taken to ingest the metadata from this file: 0.8360941410064697 seconds.

--------- ingest/c2m2s/4DN/240605_c2m2_4dn_submission/240605_c2m2_4dn_submission/subject_role_taxonomy.tsv ---------
table_name:subject_role_taxonomy
4DN: subject_role_taxonomy: Read from file: df: #rows = 303, #cols: 4

#Lines in file ingest/c2m2s/4DN/240605_c2m2_4dn_submission/240605_c2m2_4dn_submission/subject_role_taxonomy.tsv: 304
df: #rows = 303, #cols: 4
pKeys: ['subject_id_namespace', 'subject_local_id', 'role_id', 'taxonomy_id']
Going to write the count query
Wrote the count query
*** Entering subject_role_taxonomy to database ***
df: #rows = 303, #cols: 4

A slice of df:
          subject_id_namespace  ...     taxonomy_id
0  https://data.4dnucleome.org  ...  NCBI:txid10090
1  https://data.4dnucleome.org  ...  NCBI:txid10090
2  https://data.4dnucleome.org  ...  NCBI:txid10090
3  https://data.4dnucleome.org  ...   NCBI:txid9606
4  https://data.4dnucleome.org  ...  NCBI:txid10090
5  https://data.4dnucleome.org  ...  NCBI:txid10090
6  https://data.4dnucleome.org  ...  NCBI:txid10090
7  https://data.4dnucleome.org  ...  NCBI:txid10090
8  https://data.4dnucleome.org  ...  NCBI:txid10090
9  https://data.4dnucleome.org  ...  NCBI:txid10090

[10 rows x 4 columns]
Data inserted successfully!
sql_count_df:    count
0    303
count:303
>>> All good.
>>>>>>>> Time taken to ingest the metadata from this file: 0.06545901298522949 seconds.

--------- ingest/c2m2s/4DN/240605_c2m2_4dn_submission/240605_c2m2_4dn_submission/biosample_in_collection.tsv ---------
table_name:biosample_in_collection
4DN: biosample_in_collection: Read from file: df: #rows = 5285, #cols: 4

#Lines in file ingest/c2m2s/4DN/240605_c2m2_4dn_submission/240605_c2m2_4dn_submission/biosample_in_collection.tsv: 5286
df: #rows = 5285, #cols: 4
pKeys: ['biosample_id_namespace', 'biosample_local_id', 'collection_id_namespace', 'collection_local_id']
Going to write the count query
Wrote the count query
*** Entering biosample_in_collection to database ***
df: #rows = 5285, #cols: 4

A slice of df:
        biosample_id_namespace  ...                   collection_local_id
0  https://data.4dnucleome.org  ...  4f110096-4598-4a54-b203-4eea4421df9b
1  https://data.4dnucleome.org  ...  d5ac3a96-f77e-4b5b-8c9c-12b5c51ec606
2  https://data.4dnucleome.org  ...  5cec579b-7daa-4eb1-8e96-a58ee62ca4e3
3  https://data.4dnucleome.org  ...  89811098-5ba4-4146-91b3-33526edb5873
4  https://data.4dnucleome.org  ...  11b4e07a-c31a-445e-8fa4-0b600d4efed1
5  https://data.4dnucleome.org  ...  f4953b8f-d6b6-408e-ae13-0cf02d4ffee0
6  https://data.4dnucleome.org  ...  269c3590-d55f-432e-a713-cf54e2562c86
7  https://data.4dnucleome.org  ...  b913c25d-5fff-47a3-87a0-fb97c35214e4
8  https://data.4dnucleome.org  ...  8a857809-e97c-450e-8d0b-dd3e07a98455
9  https://data.4dnucleome.org  ...  ee159f43-5a13-4211-bf6f-4b426da32395

[10 rows x 4 columns]
Data inserted successfully!
sql_count_df:    count
0   5285
count:5285
>>> All good.
>>>>>>>> Time taken to ingest the metadata from this file: 0.14664316177368164 seconds.

--------- ingest/c2m2s/4DN/240605_c2m2_4dn_submission/240605_c2m2_4dn_submission/subject_phenotype.tsv ---------
table_name:subject_phenotype
4DN: subject_phenotype: Read from file: df: #rows = 0, #cols: 4

#Lines in file ingest/c2m2s/4DN/240605_c2m2_4dn_submission/240605_c2m2_4dn_submission/subject_phenotype.tsv: 1
>>>>>>>> Time taken to ingest the metadata from this file: 0.026604652404785156 seconds.

--------- ingest/c2m2s/4DN/240605_c2m2_4dn_submission/240605_c2m2_4dn_submission/phenotype_disease.tsv ---------
table_name:phenotype_disease
4DN: phenotype_disease: Read from file: df: #rows = 0, #cols: 2

#Lines in file ingest/c2m2s/4DN/240605_c2m2_4dn_submission/240605_c2m2_4dn_submission/phenotype_disease.tsv: 1
>>>>>>>> Time taken to ingest the metadata from this file: 0.025271892547607422 seconds.

--------- ingest/c2m2s/4DN/240605_c2m2_4dn_submission/240605_c2m2_4dn_submission/collection_compound.tsv ---------
table_name:collection_compound
4DN: collection_compound: Read from file: df: #rows = 0, #cols: 3

#Lines in file ingest/c2m2s/4DN/240605_c2m2_4dn_submission/240605_c2m2_4dn_submission/collection_compound.tsv: 1
>>>>>>>> Time taken to ingest the metadata from this file: 0.027659893035888672 seconds.

--------- ingest/c2m2s/4DN/240605_c2m2_4dn_submission/240605_c2m2_4dn_submission/protein_gene.tsv ---------
table_name:protein_gene
4DN: protein_gene: Read from file: df: #rows = 0, #cols: 2

#Lines in file ingest/c2m2s/4DN/240605_c2m2_4dn_submission/240605_c2m2_4dn_submission/protein_gene.tsv: 1
>>>>>>>> Time taken to ingest the metadata from this file: 0.025871992111206055 seconds.

--------- ingest/c2m2s/4DN/240605_c2m2_4dn_submission/240605_c2m2_4dn_submission/phenotype_gene.tsv ---------
table_name:phenotype_gene
4DN: phenotype_gene: Read from file: df: #rows = 0, #cols: 2

#Lines in file ingest/c2m2s/4DN/240605_c2m2_4dn_submission/240605_c2m2_4dn_submission/phenotype_gene.tsv: 1
>>>>>>>> Time taken to ingest the metadata from this file: 0.026133060455322266 seconds.

--------- ingest/c2m2s/4DN/240605_c2m2_4dn_submission/240605_c2m2_4dn_submission/phenotype.tsv ---------
table_name:phenotype
4DN: phenotype: Read from file: df: #rows = 0, #cols: 4

#Lines in file ingest/c2m2s/4DN/240605_c2m2_4dn_submission/240605_c2m2_4dn_submission/phenotype.tsv: 1
>>>>>>>> Time taken to ingest the metadata from this file: 0.026175498962402344 seconds.

--------- ingest/c2m2s/4DN/240605_c2m2_4dn_submission/240605_c2m2_4dn_submission/subject_disease.tsv ---------
table_name:subject_disease
4DN: subject_disease: Read from file: df: #rows = 0, #cols: 4

#Lines in file ingest/c2m2s/4DN/240605_c2m2_4dn_submission/240605_c2m2_4dn_submission/subject_disease.tsv: 1
>>>>>>>> Time taken to ingest the metadata from this file: 0.02943277359008789 seconds.

--------- ingest/c2m2s/4DN/240605_c2m2_4dn_submission/240605_c2m2_4dn_submission/collection_phenotype.tsv ---------
table_name:collection_phenotype
4DN: collection_phenotype: Read from file: df: #rows = 0, #cols: 3

#Lines in file ingest/c2m2s/4DN/240605_c2m2_4dn_submission/240605_c2m2_4dn_submission/collection_phenotype.tsv: 1
>>>>>>>> Time taken to ingest the metadata from this file: 0.02781963348388672 seconds.

--------- ingest/c2m2s/4DN/240605_c2m2_4dn_submission/240605_c2m2_4dn_submission/protein.tsv ---------
table_name:protein
4DN: protein: Read from file: df: #rows = 0, #cols: 5

#Lines in file ingest/c2m2s/4DN/240605_c2m2_4dn_submission/240605_c2m2_4dn_submission/protein.tsv: 1
>>>>>>>> Time taken to ingest the metadata from this file: 0.0258176326751709 seconds.

--------- ingest/c2m2s/4DN/240605_c2m2_4dn_submission/240605_c2m2_4dn_submission/ncbi_taxonomy.tsv ---------
table_name:ncbi_taxonomy
4DN: ncbi_taxonomy: Read from file: df: #rows = 7, #cols: 5

#Lines in file ingest/c2m2s/4DN/240605_c2m2_4dn_submission/240605_c2m2_4dn_submission/ncbi_taxonomy.tsv: 8
df: #rows = 7, #cols: 5
pKeys: ['id']
*** Entering ncbi_taxonomy to database ***
df: #rows = 7, #cols: 5

A slice of df:
               id  ...                                           synonyms
0  NCBI:txid10036  ...  ["Syrian hamster", "Cricetus auratus", "Golden...
1  NCBI:txid10090  ...                                          ["mouse"]
2  NCBI:txid60711  ...  ["Cercopithecus aethiops sabaeus", "Cercopithe...
3   NCBI:txid7227  ...                        ["Sophophora melanogaster"]
4   NCBI:txid7955  ...  ["zebra fish", "Brachydanio rerio", "Brachydan...
5   NCBI:txid9031  ...  ["chickens", "Gallus domesticus", "Gallus gall...
6   NCBI:txid9606  ...                                                 []

[7 rows x 5 columns]
Data inserted successfully!
>>> All good.
>>>>>>>> Time taken to ingest the metadata from this file: 0.05796408653259277 seconds.

--------- ingest/c2m2s/4DN/240605_c2m2_4dn_submission/240605_c2m2_4dn_submission/collection_protein.tsv ---------
table_name:collection_protein
4DN: collection_protein: Read from file: df: #rows = 0, #cols: 3

#Lines in file ingest/c2m2s/4DN/240605_c2m2_4dn_submission/240605_c2m2_4dn_submission/collection_protein.tsv: 1
>>>>>>>> Time taken to ingest the metadata from this file: 0.026541471481323242 seconds.

--------- ingest/c2m2s/4DN/240605_c2m2_4dn_submission/240605_c2m2_4dn_submission/analysis_type.tsv ---------
table_name:analysis_type
4DN: analysis_type: Read from file: df: #rows = 0, #cols: 4

#Lines in file ingest/c2m2s/4DN/240605_c2m2_4dn_submission/240605_c2m2_4dn_submission/analysis_type.tsv: 1
>>>>>>>> Time taken to ingest the metadata from this file: 0.026571035385131836 seconds.

--------- ingest/c2m2s/4DN/240605_c2m2_4dn_submission/240605_c2m2_4dn_submission/file_describes_biosample.tsv ---------
table_name:file_describes_biosample
4DN: file_describes_biosample: Read from file: df: #rows = 0, #cols: 4

#Lines in file ingest/c2m2s/4DN/240605_c2m2_4dn_submission/240605_c2m2_4dn_submission/file_describes_biosample.tsv: 1
>>>>>>>> Time taken to ingest the metadata from this file: 0.025135040283203125 seconds.

--------- ingest/c2m2s/4DN/240605_c2m2_4dn_submission/240605_c2m2_4dn_submission/file.tsv ---------
table_name:file
4DN: file: Read from file: df: #rows = 45649, #cols: 20

#Lines in file ingest/c2m2s/4DN/240605_c2m2_4dn_submission/240605_c2m2_4dn_submission/file.tsv: 45650
df: #rows = 45649, #cols: 20
pKeys: ['id_namespace', 'local_id']
Going to write the count query
Wrote the count query
*** Entering file to database ***
df: #rows = 45649, #cols: 20

A slice of df:
                  id_namespace  ...                                      persistent_id
0  https://data.4dnucleome.org  ...  drs://data.4dnucleome.org/ga4gh/drs/v1/objects...
1  https://data.4dnucleome.org  ...  drs://data.4dnucleome.org/ga4gh/drs/v1/objects...
2  https://data.4dnucleome.org  ...  drs://data.4dnucleome.org/ga4gh/drs/v1/objects...
3  https://data.4dnucleome.org  ...  drs://data.4dnucleome.org/ga4gh/drs/v1/objects...
4  https://data.4dnucleome.org  ...  drs://data.4dnucleome.org/ga4gh/drs/v1/objects...
5  https://data.4dnucleome.org  ...  drs://data.4dnucleome.org/ga4gh/drs/v1/objects...
6  https://data.4dnucleome.org  ...  drs://data.4dnucleome.org/ga4gh/drs/v1/objects...
7  https://data.4dnucleome.org  ...  drs://data.4dnucleome.org/ga4gh/drs/v1/objects...
8  https://data.4dnucleome.org  ...  drs://data.4dnucleome.org/ga4gh/drs/v1/objects...
9  https://data.4dnucleome.org  ...  drs://data.4dnucleome.org/ga4gh/drs/v1/objects...

[10 rows x 5 columns]
Data inserted successfully!
sql_count_df:    count
0  45649
count:45649
>>> All good.
>>>>>>>> Time taken to ingest the metadata from this file: 2.327167510986328 seconds.

--------- ingest/c2m2s/4DN/240605_c2m2_4dn_submission/240605_c2m2_4dn_submission/collection_gene.tsv ---------
table_name:collection_gene
4DN: collection_gene: Read from file: df: #rows = 0, #cols: 3

#Lines in file ingest/c2m2s/4DN/240605_c2m2_4dn_submission/240605_c2m2_4dn_submission/collection_gene.tsv: 1
>>>>>>>> Time taken to ingest the metadata from this file: 0.03681325912475586 seconds.

--------- ingest/c2m2s/4DN/240605_c2m2_4dn_submission/240605_c2m2_4dn_submission/biosample_from_subject.tsv ---------
table_name:biosample_from_subject
4DN: biosample_from_subject: Read from file: df: #rows = 3096, #cols: 5

#Lines in file ingest/c2m2s/4DN/240605_c2m2_4dn_submission/240605_c2m2_4dn_submission/biosample_from_subject.tsv: 3097
df: #rows = 3096, #cols: 5
pKeys: ['biosample_id_namespace', 'biosample_local_id', 'subject_id_namespace', 'subject_local_id']
Going to write the count query
Wrote the count query
*** Entering biosample_from_subject to database ***
df: #rows = 3096, #cols: 5

A slice of df:
        biosample_id_namespace  ... age_at_sampling
0  https://data.4dnucleome.org  ...             NaN
1  https://data.4dnucleome.org  ...             NaN
2  https://data.4dnucleome.org  ...             NaN
3  https://data.4dnucleome.org  ...             NaN
4  https://data.4dnucleome.org  ...             NaN
5  https://data.4dnucleome.org  ...             NaN
6  https://data.4dnucleome.org  ...             NaN
7  https://data.4dnucleome.org  ...             NaN
8  https://data.4dnucleome.org  ...             NaN
9  https://data.4dnucleome.org  ...             NaN

[10 rows x 5 columns]
Data inserted successfully!
sql_count_df:    count
0   3096
count:3096
>>> All good.
>>>>>>>> Time taken to ingest the metadata from this file: 0.12067747116088867 seconds.

--------- ingest/c2m2s/4DN/240605_c2m2_4dn_submission/240605_c2m2_4dn_submission/file_describes_collection.tsv ---------
table_name:file_describes_collection
4DN: file_describes_collection: Read from file: df: #rows = 0, #cols: 4

#Lines in file ingest/c2m2s/4DN/240605_c2m2_4dn_submission/240605_c2m2_4dn_submission/file_describes_collection.tsv: 1
>>>>>>>> Time taken to ingest the metadata from this file: 0.030831336975097656 seconds.

--------- ingest/c2m2s/4DN/240605_c2m2_4dn_submission/240605_c2m2_4dn_submission/subject_race.tsv ---------
table_name:subject_race
4DN: subject_race: Read from file: df: #rows = 0, #cols: 3

#Lines in file ingest/c2m2s/4DN/240605_c2m2_4dn_submission/240605_c2m2_4dn_submission/subject_race.tsv: 1
>>>>>>>> Time taken to ingest the metadata from this file: 0.029575347900390625 seconds.

--------- ingest/c2m2s/4DN/240605_c2m2_4dn_submission/240605_c2m2_4dn_submission/collection_in_collection.tsv ---------
table_name:collection_in_collection
4DN: collection_in_collection: Read from file: df: #rows = 5285, #cols: 4

#Lines in file ingest/c2m2s/4DN/240605_c2m2_4dn_submission/240605_c2m2_4dn_submission/collection_in_collection.tsv: 5286
df: #rows = 5285, #cols: 4
pKeys: ['superset_collection_id_namespace', 'superset_collection_local_id', 'subset_collection_id_namespace', 'subset_collection_local_id']
Going to write the count query
Wrote the count query
*** Entering collection_in_collection to database ***
df: #rows = 5285, #cols: 4

A slice of df:
  superset_collection_id_namespace  ...            subset_collection_local_id
0      https://data.4dnucleome.org  ...  4f110096-4598-4a54-b203-4eea4421df9b
1      https://data.4dnucleome.org  ...  d5ac3a96-f77e-4b5b-8c9c-12b5c51ec606
2      https://data.4dnucleome.org  ...  5cec579b-7daa-4eb1-8e96-a58ee62ca4e3
3      https://data.4dnucleome.org  ...  89811098-5ba4-4146-91b3-33526edb5873
4      https://data.4dnucleome.org  ...  11b4e07a-c31a-445e-8fa4-0b600d4efed1
5      https://data.4dnucleome.org  ...  f4953b8f-d6b6-408e-ae13-0cf02d4ffee0
6      https://data.4dnucleome.org  ...  269c3590-d55f-432e-a713-cf54e2562c86
7      https://data.4dnucleome.org  ...  b913c25d-5fff-47a3-87a0-fb97c35214e4
8      https://data.4dnucleome.org  ...  8a857809-e97c-450e-8d0b-dd3e07a98455
9      https://data.4dnucleome.org  ...  ee159f43-5a13-4211-bf6f-4b426da32395

[10 rows x 4 columns]
Data inserted successfully!
sql_count_df:    count
0   5285
count:5285
>>> All good.
>>>>>>>> Time taken to ingest the metadata from this file: 0.14515113830566406 seconds.

--------- ingest/c2m2s/4DN/240605_c2m2_4dn_submission/240605_c2m2_4dn_submission/collection_defined_by_project.tsv ---------
table_name:collection_defined_by_project
4DN: collection_defined_by_project: Read from file: df: #rows = 7558, #cols: 4

#Lines in file ingest/c2m2s/4DN/240605_c2m2_4dn_submission/240605_c2m2_4dn_submission/collection_defined_by_project.tsv: 7559
df: #rows = 7558, #cols: 4
pKeys: ['collection_id_namespace', 'collection_local_id', 'project_id_namespace', 'project_local_id']
Going to write the count query
Wrote the count query
*** Entering collection_defined_by_project to database ***
df: #rows = 7558, #cols: 4

A slice of df:
       collection_id_namespace  ...                      project_local_id
0  https://data.4dnucleome.org  ...  b7c5d0c8-053e-4da3-b446-b68787a5a738
1  https://data.4dnucleome.org  ...  b7c5d0c8-053e-4da3-b446-b68787a5a738
2  https://data.4dnucleome.org  ...  b7c5d0c8-053e-4da3-b446-b68787a5a738
3  https://data.4dnucleome.org  ...  b7c5d0c8-053e-4da3-b446-b68787a5a738
4  https://data.4dnucleome.org  ...  ee89349a-1d43-4048-9142-bc750f0f3b32
5  https://data.4dnucleome.org  ...  ee89349a-1d43-4048-9142-bc750f0f3b32
6  https://data.4dnucleome.org  ...  ee89349a-1d43-4048-9142-bc750f0f3b32
7  https://data.4dnucleome.org  ...  ee89349a-1d43-4048-9142-bc750f0f3b32
8  https://data.4dnucleome.org  ...  ee89349a-1d43-4048-9142-bc750f0f3b32
9  https://data.4dnucleome.org  ...  ee89349a-1d43-4048-9142-bc750f0f3b32

[10 rows x 4 columns]
Data inserted successfully!
sql_count_df:    count
0   7558
count:7558
>>> All good.
>>>>>>>> Time taken to ingest the metadata from this file: 0.17516303062438965 seconds.

--------- ingest/c2m2s/4DN/240605_c2m2_4dn_submission/240605_c2m2_4dn_submission/collection_substance.tsv ---------
table_name:collection_substance
4DN: collection_substance: Read from file: df: #rows = 0, #cols: 3

#Lines in file ingest/c2m2s/4DN/240605_c2m2_4dn_submission/240605_c2m2_4dn_submission/collection_substance.tsv: 1
>>>>>>>> Time taken to ingest the metadata from this file: 0.0309293270111084 seconds.

--------- ingest/c2m2s/4DN/240605_c2m2_4dn_submission/240605_c2m2_4dn_submission/biosample_substance.tsv ---------
table_name:biosample_substance
4DN: biosample_substance: Read from file: df: #rows = 0, #cols: 3

#Lines in file ingest/c2m2s/4DN/240605_c2m2_4dn_submission/240605_c2m2_4dn_submission/biosample_substance.tsv: 1
>>>>>>>> Time taken to ingest the metadata from this file: 0.030759811401367188 seconds.

--------- ingest/c2m2s/4DN/240605_c2m2_4dn_submission/240605_c2m2_4dn_submission/project.tsv ---------
table_name:project
4DN: project: Read from file: df: #rows = 43, #cols: 7

#Lines in file ingest/c2m2s/4DN/240605_c2m2_4dn_submission/240605_c2m2_4dn_submission/project.tsv: 44
df: #rows = 43, #cols: 7
pKeys: ['id_namespace', 'local_id']
Going to write the count query
Wrote the count query
*** Entering project to database ***
df: #rows = 43, #cols: 7

A slice of df:
                  id_namespace  ... abbreviation
0  https://data.4dnucleome.org  ...          4DN
1  https://data.4dnucleome.org  ...          NaN
2  https://data.4dnucleome.org  ...          NaN
3  https://data.4dnucleome.org  ...          NaN
4  https://data.4dnucleome.org  ...          NaN
5  https://data.4dnucleome.org  ...          NaN
6  https://data.4dnucleome.org  ...          NaN
7  https://data.4dnucleome.org  ...          NaN
8  https://data.4dnucleome.org  ...          NaN
9  https://data.4dnucleome.org  ...          NaN

[10 rows x 5 columns]
Data inserted successfully!
sql_count_df:    count
0     43
count:43
>>> All good.
>>>>>>>> Time taken to ingest the metadata from this file: 0.06637835502624512 seconds.

--------- ingest/c2m2s/4DN/240605_c2m2_4dn_submission/240605_c2m2_4dn_submission/anatomy.tsv ---------
table_name:anatomy
4DN: anatomy: Read from file: df: #rows = 61, #cols: 4

#Lines in file ingest/c2m2s/4DN/240605_c2m2_4dn_submission/240605_c2m2_4dn_submission/anatomy.tsv: 62
df: #rows = 61, #cols: 4
pKeys: ['id']
*** Entering anatomy to database ***
df: #rows = 61, #cols: 4

A slice of df:
           id  ...                                           synonyms
0  CL:0000034  ...                               ["animal stem cell"]
1  CL:0000081  ...                                                 []
2  CL:0000082  ...                           ["lung epithelial cell"]
3  CL:0000216  ...                                                 []
4  CL:0000501  ...                        ["granulosa cell of ovary"]
5  CL:0000604  ...                                                 []
6  CL:0000893  ...  ["immature T cell","immature T lymphocyte","im...
7  CL:0000945  ...                                                 []
8  CL:0002553  ...                                                 []
9  CL:0002586  ...                                                 []

[10 rows x 4 columns]
Data inserted successfully!
>>> All good.
>>>>>>>> Time taken to ingest the metadata from this file: 0.06300830841064453 seconds.

--------- ingest/c2m2s/4DN/240605_c2m2_4dn_submission/240605_c2m2_4dn_submission/sample_prep_method.tsv ---------
table_name:sample_prep_method
4DN: sample_prep_method: Read from file: df: #rows = 0, #cols: 4

#Lines in file ingest/c2m2s/4DN/240605_c2m2_4dn_submission/240605_c2m2_4dn_submission/sample_prep_method.tsv: 1
>>>>>>>> Time taken to ingest the metadata from this file: 0.030260086059570312 seconds.

--------- ingest/c2m2s/4DN/240605_c2m2_4dn_submission/240605_c2m2_4dn_submission/assay_type.tsv ---------
table_name:assay_type
4DN: assay_type: Read from file: df: #rows = 31, #cols: 4

#Lines in file ingest/c2m2s/4DN/240605_c2m2_4dn_submission/240605_c2m2_4dn_submission/assay_type.tsv: 32
df: #rows = 31, #cols: 4
pKeys: ['id']
*** Entering assay_type to database ***
df: #rows = 31, #cols: 4

A slice of df:
             id  ...                                           synonyms
0  CHMO:0000087  ...  ["fluorescence imaging","fluorescence microsco...
1   OBI:0000185  ...                                                 []
2   OBI:0000626  ...                          ["nucleotide sequencing"]
3   OBI:0000716  ...  ["chromatin immunoprecipitation sequencing ass...
4   OBI:0001177  ...                                                 []
5   OBI:0001271  ...  ["transcription profiling by high throughput s...
6   OBI:0001631  ...                                                 []
7   OBI:0001848  ...                      ["ChIA-PET","ChIA-PET assay"]
8   OBI:0001920  ...                    ["Repli-seq","Repli-seq assay"]
9   OBI:0002631  ...                                      ["scRNA-seq"]

[10 rows x 4 columns]
Data inserted successfully!
>>> All good.
>>>>>>>> Time taken to ingest the metadata from this file: 0.06368398666381836 seconds.

--------- ingest/c2m2s/4DN/240605_c2m2_4dn_submission/240605_c2m2_4dn_submission/biosample_disease.tsv ---------
table_name:biosample_disease
4DN: biosample_disease: Read from file: df: #rows = 0, #cols: 4

#Lines in file ingest/c2m2s/4DN/240605_c2m2_4dn_submission/240605_c2m2_4dn_submission/biosample_disease.tsv: 1
>>>>>>>> Time taken to ingest the metadata from this file: 0.030230998992919922 seconds.

--------- ingest/c2m2s/4DN/240605_c2m2_4dn_submission/240605_c2m2_4dn_submission/collection_anatomy.tsv ---------
table_name:collection_anatomy
4DN: collection_anatomy: Read from file: df: #rows = 0, #cols: 3

#Lines in file ingest/c2m2s/4DN/240605_c2m2_4dn_submission/240605_c2m2_4dn_submission/collection_anatomy.tsv: 1
>>>>>>>> Time taken to ingest the metadata from this file: 0.030220508575439453 seconds.

--------- ingest/c2m2s/4DN/240605_c2m2_4dn_submission/240605_c2m2_4dn_submission/gene.tsv ---------
table_name:gene
4DN: gene: Read from file: df: #rows = 0, #cols: 5

#Lines in file ingest/c2m2s/4DN/240605_c2m2_4dn_submission/240605_c2m2_4dn_submission/gene.tsv: 1
>>>>>>>> Time taken to ingest the metadata from this file: 0.030892610549926758 seconds.

--------- ingest/c2m2s/4DN/240605_c2m2_4dn_submission/240605_c2m2_4dn_submission/biosample.tsv ---------
table_name:biosample
4DN: biosample: Read from file: df: #rows = 3096, #cols: 8

#Lines in file ingest/c2m2s/4DN/240605_c2m2_4dn_submission/240605_c2m2_4dn_submission/biosample.tsv: 3097
df: #rows = 3096, #cols: 8
pKeys: ['id_namespace', 'local_id']
Going to write the count query
Wrote the count query
*** Entering biosample to database ***
df: #rows = 3096, #cols: 8

A slice of df:
                  id_namespace  ...                             persistent_id
0  https://data.4dnucleome.org  ...  https://data.4dnucleome.org/4DNBS9ER6TE2
1  https://data.4dnucleome.org  ...  https://data.4dnucleome.org/4DNBSJCWGXW1
2  https://data.4dnucleome.org  ...  https://data.4dnucleome.org/4DNBSSJIRYM8
3  https://data.4dnucleome.org  ...  https://data.4dnucleome.org/4DNBSVU821O5
4  https://data.4dnucleome.org  ...  https://data.4dnucleome.org/4DNBS4FEICQC
5  https://data.4dnucleome.org  ...  https://data.4dnucleome.org/4DNBSOFKQWWJ
6  https://data.4dnucleome.org  ...  https://data.4dnucleome.org/4DNBSD87XWGC
7  https://data.4dnucleome.org  ...  https://data.4dnucleome.org/4DNBSLR1881C
8  https://data.4dnucleome.org  ...  https://data.4dnucleome.org/4DNBS1Q27TQE
9  https://data.4dnucleome.org  ...  https://data.4dnucleome.org/4DNBSUFB5238

[10 rows x 5 columns]
Data inserted successfully!
sql_count_df:    count
0   3096
count:3096
>>> All good.
>>>>>>>> Time taken to ingest the metadata from this file: 0.14465904235839844 seconds.

--------- ingest/c2m2s/4DN/240605_c2m2_4dn_submission/240605_c2m2_4dn_submission/file_describes_subject.tsv ---------
table_name:file_describes_subject
4DN: file_describes_subject: Read from file: df: #rows = 0, #cols: 4

#Lines in file ingest/c2m2s/4DN/240605_c2m2_4dn_submission/240605_c2m2_4dn_submission/file_describes_subject.tsv: 1
>>>>>>>> Time taken to ingest the metadata from this file: 0.03376960754394531 seconds.

--------- ingest/c2m2s/4DN/240605_c2m2_4dn_submission/240605_c2m2_4dn_submission/subject.tsv ---------
table_name:subject
4DN: subject: Read from file: df: #rows = 303, #cols: 10

#Lines in file ingest/c2m2s/4DN/240605_c2m2_4dn_submission/240605_c2m2_4dn_submission/subject.tsv: 304
df: #rows = 303, #cols: 10
pKeys: ['id_namespace', 'local_id']
Going to write the count query
Wrote the count query
*** Entering subject to database ***
df: #rows = 303, #cols: 10

A slice of df:
                  id_namespace  ...                             persistent_id
0  https://data.4dnucleome.org  ...  https://data.4dnucleome.org/4DNSRQDR15QF
1  https://data.4dnucleome.org  ...  https://data.4dnucleome.org/4DNSRCXI55XN
2  https://data.4dnucleome.org  ...  https://data.4dnucleome.org/4DNSRRFK44DB
3  https://data.4dnucleome.org  ...  https://data.4dnucleome.org/4DNSRXN5YHHZ
4  https://data.4dnucleome.org  ...  https://data.4dnucleome.org/4DNSRFMDOVZA
5  https://data.4dnucleome.org  ...  https://data.4dnucleome.org/4DNSRJ9J5AZZ
6  https://data.4dnucleome.org  ...  https://data.4dnucleome.org/4DNSRU4K9KGR
7  https://data.4dnucleome.org  ...  https://data.4dnucleome.org/4DNSRIIHJL3J
8  https://data.4dnucleome.org  ...  https://data.4dnucleome.org/4DNSR9HAHDCF
9  https://data.4dnucleome.org  ...  https://data.4dnucleome.org/4DNSRDOQY6NA

[10 rows x 5 columns]
Data inserted successfully!
sql_count_df:    count
0    303
count:303
>>> All good.
>>>>>>>> Time taken to ingest the metadata from this file: 0.07719540596008301 seconds.

--------- ingest/c2m2s/4DN/240605_c2m2_4dn_submission/240605_c2m2_4dn_submission/file_format.tsv ---------
table_name:file_format
4DN: file_format: Read from file: df: #rows = 15, #cols: 4

#Lines in file ingest/c2m2s/4DN/240605_c2m2_4dn_submission/240605_c2m2_4dn_submission/file_format.tsv: 16
df: #rows = 15, #cols: 4
pKeys: ['id']
*** Entering file_format to database ***
df: #rows = 15, #cols: 4

Processing C2M2 Files...: 100%|| 1/1 [00:07<00:00,  7.92s/it]Processing C2M2 Files...: 100%|| 1/1 [00:07<00:00,  7.92s/it]
A slice of df:
            id  ...                                  synonyms
0  format:1930  ...                           ["FASTAQ","fq"]
1  format:2330  ...               ["Plain text format","txt"]
2  format:2331  ...             ["Hypertext Markup Language"]
3  format:2572  ...                                        []
4  format:3003  ...                                        []
5  format:3004  ...                                        []
6  format:3006  ...                                        []
7  format:3475  ...  ["Tab-delimited","Tab-separated values"]
8  format:3583  ...                                        []
9  format:3590  ...                                    ["h5"]

[10 rows x 4 columns]
Data inserted successfully!
>>> All good.
>>>>>>>> Time taken to ingest the metadata from this file: 0.06261372566223145 seconds.

--------- ingest/c2m2s/4DN/240605_c2m2_4dn_submission/240605_c2m2_4dn_submission/biosample_gene.tsv ---------
table_name:biosample_gene
4DN: biosample_gene: Read from file: df: #rows = 0, #cols: 3

#Lines in file ingest/c2m2s/4DN/240605_c2m2_4dn_submission/240605_c2m2_4dn_submission/biosample_gene.tsv: 1
>>>>>>>> Time taken to ingest the metadata from this file: 0.029496192932128906 seconds.

--------- ingest/c2m2s/4DN/240605_c2m2_4dn_submission/240605_c2m2_4dn_submission/subject_substance.tsv ---------
table_name:subject_substance
4DN: subject_substance: Read from file: df: #rows = 0, #cols: 3

#Lines in file ingest/c2m2s/4DN/240605_c2m2_4dn_submission/240605_c2m2_4dn_submission/subject_substance.tsv: 1
>>>>>>>> Time taken to ingest the metadata from this file: 0.030934810638427734 seconds.

--------- ingest/c2m2s/4DN/240605_c2m2_4dn_submission/240605_c2m2_4dn_submission/collection.tsv ---------
table_name:collection
4DN: collection: Read from file: df: #rows = 7558, #cols: 8

#Lines in file ingest/c2m2s/4DN/240605_c2m2_4dn_submission/240605_c2m2_4dn_submission/collection.tsv: 7559
df: #rows = 7558, #cols: 8
pKeys: ['id_namespace', 'local_id']
Going to write the count query
Wrote the count query
*** Entering collection to database ***
df: #rows = 7558, #cols: 8

A slice of df:
                  id_namespace  ...  abbreviation
0  https://data.4dnucleome.org  ...  4DNES44GBU46
1  https://data.4dnucleome.org  ...  4DNEXFU8K95M
2  https://data.4dnucleome.org  ...  4DNESABI2R6T
3  https://data.4dnucleome.org  ...  4DNEXIQ3X6VY
4  https://data.4dnucleome.org  ...  4DNESVF6WL86
5  https://data.4dnucleome.org  ...  4DNEXW57SFU1
6  https://data.4dnucleome.org  ...  4DNEXMFQ1XJV
7  https://data.4dnucleome.org  ...  4DNESYLI75YL
8  https://data.4dnucleome.org  ...  4DNEXP233DK1
9  https://data.4dnucleome.org  ...  4DNESMAQEPWU

[10 rows x 5 columns]
Data inserted successfully!
sql_count_df:    count
0   7558
count:7558
>>> All good.
>>>>>>>> Time taken to ingest the metadata from this file: 0.2597029209136963 seconds.

--------- ingest/c2m2s/4DN/240605_c2m2_4dn_submission/240605_c2m2_4dn_submission/compound.tsv ---------
table_name:compound
4DN: compound: Read from file: df: #rows = 0, #cols: 4

#Lines in file ingest/c2m2s/4DN/240605_c2m2_4dn_submission/240605_c2m2_4dn_submission/compound.tsv: 1
>>>>>>>> Time taken to ingest the metadata from this file: 0.03233170509338379 seconds.

--------- ingest/c2m2s/4DN/240605_c2m2_4dn_submission/240605_c2m2_4dn_submission/subject_in_collection.tsv ---------
table_name:subject_in_collection
4DN: subject_in_collection: Read from file: df: #rows = 2273, #cols: 4

#Lines in file ingest/c2m2s/4DN/240605_c2m2_4dn_submission/240605_c2m2_4dn_submission/subject_in_collection.tsv: 2274
df: #rows = 2273, #cols: 4
pKeys: ['subject_id_namespace', 'subject_local_id', 'collection_id_namespace', 'collection_local_id']
Going to write the count query
Wrote the count query
*** Entering subject_in_collection to database ***
df: #rows = 2273, #cols: 4

A slice of df:
          subject_id_namespace  ...                   collection_local_id
0  https://data.4dnucleome.org  ...  611ef267-06f4-4a39-ae25-17bdf4b61fa0
1  https://data.4dnucleome.org  ...  445aa467-8f90-41be-a5e0-ef3e96141305
2  https://data.4dnucleome.org  ...  d5984ca2-40b2-4db6-b708-79b04bf4de88
3  https://data.4dnucleome.org  ...  b2dde19d-8ae2-4d62-91c9-e09f4069b5a1
4  https://data.4dnucleome.org  ...  70acc460-44c5-4407-b92f-3385cf87c39a
5  https://data.4dnucleome.org  ...  e64a67bf-7d44-41c7-b83c-2db9d6d548ca
6  https://data.4dnucleome.org  ...  2f376ab2-0510-4021-ba3f-cc438c3b98cb
7  https://data.4dnucleome.org  ...  c9544abd-f068-4154-9d53-0fc689d634f4
8  https://data.4dnucleome.org  ...  2d14888c-4cfe-45cc-ab59-00ae73afe001
9  https://data.4dnucleome.org  ...  8bf04260-0c46-4ef5-9629-0d1be5ed8fb4

[10 rows x 4 columns]
Data inserted successfully!
sql_count_df:    count
0   2273
count:2273
>>> All good.
>>>>>>>> Time taken to ingest the metadata from this file: 0.10280609130859375 seconds.

--------- ingest/c2m2s/4DN/240605_c2m2_4dn_submission/240605_c2m2_4dn_submission/project_in_project.tsv ---------
table_name:project_in_project
4DN: project_in_project: Read from file: df: #rows = 42, #cols: 4

#Lines in file ingest/c2m2s/4DN/240605_c2m2_4dn_submission/240605_c2m2_4dn_submission/project_in_project.tsv: 43
df: #rows = 42, #cols: 4
pKeys: ['parent_project_id_namespace', 'parent_project_local_id', 'child_project_id_namespace', 'child_project_local_id']
Going to write the count query
Wrote the count query
*** Entering project_in_project to database ***
df: #rows = 42, #cols: 4

A slice of df:
   parent_project_id_namespace  ...                child_project_local_id
0  https://data.4dnucleome.org  ...  b7c5d0c8-053e-4da3-b446-b68787a5a738
1  https://data.4dnucleome.org  ...  ee89349a-1d43-4048-9142-bc750f0f3b32
2  https://data.4dnucleome.org  ...  a49f939d-b24c-44e0-9fd5-0d72898beed6
3  https://data.4dnucleome.org  ...  8432a44c-4da7-446b-9080-f4fae299ebd6
4  https://data.4dnucleome.org  ...  71171a4e-dca1-44cb-8375-fafd896c6923
5  https://data.4dnucleome.org  ...  72c61c12-2750-4b27-a3d6-07bf5c8d5e80
6  https://data.4dnucleome.org  ...  91b694c3-f4d7-4ddd-8278-16f94e15c1c5
7  https://data.4dnucleome.org  ...  f959fce7-bd94-4a8d-961d-8c72a4eaa1ad
8  https://data.4dnucleome.org  ...  0247d660-dc33-4a2e-84a7-eb1ac2cbbaca
9  https://data.4dnucleome.org  ...  12a92962-8265-4fc0-b2f8-cf14f05db58b

[10 rows x 4 columns]
Data inserted successfully!
sql_count_df:    count
0     42
count:42
>>> All good.
>>>>>>>> Time taken to ingest the metadata from this file: 0.06619524955749512 seconds.

--------- ingest/c2m2s/4DN/240605_c2m2_4dn_submission/240605_c2m2_4dn_submission/collection_taxonomy.tsv ---------
table_name:collection_taxonomy
4DN: collection_taxonomy: Read from file: df: #rows = 0, #cols: 3

#Lines in file ingest/c2m2s/4DN/240605_c2m2_4dn_submission/240605_c2m2_4dn_submission/collection_taxonomy.tsv: 1
>>>>>>>> Time taken to ingest the metadata from this file: 0.03224325180053711 seconds.

--------- ingest/c2m2s/4DN/240605_c2m2_4dn_submission/240605_c2m2_4dn_submission/substance.tsv ---------
table_name:substance
4DN: substance: Read from file: df: #rows = 0, #cols: 5

#Lines in file ingest/c2m2s/4DN/240605_c2m2_4dn_submission/240605_c2m2_4dn_submission/substance.tsv: 1
>>>>>>>> Time taken to ingest the metadata from this file: 0.03646969795227051 seconds.

>>>>>>>>>>>>>>>>>>>>>>>>>>>>> Time taken to ingest the metadata from the files: 7.935065031051636 seconds.

 ----------- Adding foreign key constraint for table file ----------
ALTER TABLE _4dn.file DROP CONSTRAINT IF EXISTS fk_file_id_namespace_1;
ALTER TABLE _4dn.file ADD CONSTRAINT  fk_file_id_namespace_1 FOREIGN KEY (id_namespace) REFERENCES _4dn.id_namespace (id);
ALTER TABLE _4dn.file DROP CONSTRAINT IF EXISTS fk_file_project_2;
ALTER TABLE _4dn.file ADD CONSTRAINT  fk_file_project_2 FOREIGN KEY (project_id_namespace, project_local_id) REFERENCES _4dn.project (id_namespace, local_id);
ALTER TABLE _4dn.file DROP CONSTRAINT IF EXISTS fk_file_file_format_3;
ALTER TABLE _4dn.file ADD CONSTRAINT  fk_file_file_format_3 FOREIGN KEY (file_format) REFERENCES _4dn.file_format (id);
ALTER TABLE _4dn.file DROP CONSTRAINT IF EXISTS fk_file_file_format_4;
ALTER TABLE _4dn.file ADD CONSTRAINT  fk_file_file_format_4 FOREIGN KEY (compression_format) REFERENCES _4dn.file_format (id);
ALTER TABLE _4dn.file DROP CONSTRAINT IF EXISTS fk_file_data_type_5;
ALTER TABLE _4dn.file ADD CONSTRAINT  fk_file_data_type_5 FOREIGN KEY (data_type) REFERENCES _4dn.data_type (id);
ALTER TABLE _4dn.file DROP CONSTRAINT IF EXISTS fk_file_assay_type_6;
ALTER TABLE _4dn.file ADD CONSTRAINT  fk_file_assay_type_6 FOREIGN KEY (assay_type) REFERENCES _4dn.assay_type (id);
ALTER TABLE _4dn.file DROP CONSTRAINT IF EXISTS fk_file_analysis_type_7;
ALTER TABLE _4dn.file ADD CONSTRAINT  fk_file_analysis_type_7 FOREIGN KEY (analysis_type) REFERENCES _4dn.analysis_type (id);
ALTER TABLE _4dn.file DROP CONSTRAINT IF EXISTS fk_file_collection_8;
ALTER TABLE _4dn.file ADD CONSTRAINT  fk_file_collection_8 FOREIGN KEY (bundle_collection_id_namespace, bundle_collection_local_id) REFERENCES _4dn.collection (id_namespace, local_id);
 ----------- Adding foreign key constraint for table biosample ----------
ALTER TABLE _4dn.biosample DROP CONSTRAINT IF EXISTS fk_biosample_id_namespace_1;
ALTER TABLE _4dn.biosample ADD CONSTRAINT  fk_biosample_id_namespace_1 FOREIGN KEY (id_namespace) REFERENCES _4dn.id_namespace (id);
ALTER TABLE _4dn.biosample DROP CONSTRAINT IF EXISTS fk_biosample_project_2;
ALTER TABLE _4dn.biosample ADD CONSTRAINT  fk_biosample_project_2 FOREIGN KEY (project_id_namespace, project_local_id) REFERENCES _4dn.project (id_namespace, local_id);
ALTER TABLE _4dn.biosample DROP CONSTRAINT IF EXISTS fk_biosample_sample_prep_method_3;
ALTER TABLE _4dn.biosample ADD CONSTRAINT  fk_biosample_sample_prep_method_3 FOREIGN KEY (sample_prep_method) REFERENCES _4dn.sample_prep_method (id);
ALTER TABLE _4dn.biosample DROP CONSTRAINT IF EXISTS fk_biosample_anatomy_4;
ALTER TABLE _4dn.biosample ADD CONSTRAINT  fk_biosample_anatomy_4 FOREIGN KEY (anatomy) REFERENCES _4dn.anatomy (id);
 ----------- Adding foreign key constraint for table subject ----------
ALTER TABLE _4dn.subject DROP CONSTRAINT IF EXISTS fk_subject_id_namespace_1;
ALTER TABLE _4dn.subject ADD CONSTRAINT  fk_subject_id_namespace_1 FOREIGN KEY (id_namespace) REFERENCES _4dn.id_namespace (id);
ALTER TABLE _4dn.subject DROP CONSTRAINT IF EXISTS fk_subject_project_2;
ALTER TABLE _4dn.subject ADD CONSTRAINT  fk_subject_project_2 FOREIGN KEY (project_id_namespace, project_local_id) REFERENCES _4dn.project (id_namespace, local_id);
 ----------- Adding foreign key constraint for table dcc ----------
ALTER TABLE _4dn.dcc DROP CONSTRAINT IF EXISTS fk_dcc_project_1;
ALTER TABLE _4dn.dcc ADD CONSTRAINT  fk_dcc_project_1 FOREIGN KEY (project_id_namespace, project_local_id) REFERENCES _4dn.project (id_namespace, local_id);
 ----------- Adding foreign key constraint for table project ----------
ALTER TABLE _4dn.project DROP CONSTRAINT IF EXISTS fk_project_id_namespace_1;
ALTER TABLE _4dn.project ADD CONSTRAINT  fk_project_id_namespace_1 FOREIGN KEY (id_namespace) REFERENCES _4dn.id_namespace (id);
 ----------- Adding foreign key constraint for table project_in_project ----------
ALTER TABLE _4dn.project_in_project DROP CONSTRAINT IF EXISTS fk_project_in_project_project_1;
ALTER TABLE _4dn.project_in_project ADD CONSTRAINT  fk_project_in_project_project_1 FOREIGN KEY (parent_project_id_namespace, parent_project_local_id) REFERENCES _4dn.project (id_namespace, local_id);
ALTER TABLE _4dn.project_in_project DROP CONSTRAINT IF EXISTS fk_project_in_project_project_2;
ALTER TABLE _4dn.project_in_project ADD CONSTRAINT  fk_project_in_project_project_2 FOREIGN KEY (child_project_id_namespace, child_project_local_id) REFERENCES _4dn.project (id_namespace, local_id);
 ----------- Adding foreign key constraint for table collection ----------
ALTER TABLE _4dn.collection DROP CONSTRAINT IF EXISTS fk_collection_id_namespace_1;
ALTER TABLE _4dn.collection ADD CONSTRAINT  fk_collection_id_namespace_1 FOREIGN KEY (id_namespace) REFERENCES _4dn.id_namespace (id);
 ----------- Adding foreign key constraint for table collection_in_collection ----------
ALTER TABLE _4dn.collection_in_collection DROP CONSTRAINT IF EXISTS fk_collection_in_collection_collection_1;
ALTER TABLE _4dn.collection_in_collection ADD CONSTRAINT  fk_collection_in_collection_collection_1 FOREIGN KEY (superset_collection_id_namespace, superset_collection_local_id) REFERENCES _4dn.collection (id_namespace, local_id);
ALTER TABLE _4dn.collection_in_collection DROP CONSTRAINT IF EXISTS fk_collection_in_collection_collection_2;
ALTER TABLE _4dn.collection_in_collection ADD CONSTRAINT  fk_collection_in_collection_collection_2 FOREIGN KEY (subset_collection_id_namespace, subset_collection_local_id) REFERENCES _4dn.collection (id_namespace, local_id);
 ----------- Adding foreign key constraint for table file_describes_collection ----------
ALTER TABLE _4dn.file_describes_collection DROP CONSTRAINT IF EXISTS fk_file_describes_collection_file_1;
ALTER TABLE _4dn.file_describes_collection ADD CONSTRAINT  fk_file_describes_collection_file_1 FOREIGN KEY (file_id_namespace, file_local_id) REFERENCES _4dn.file (id_namespace, local_id);
ALTER TABLE _4dn.file_describes_collection DROP CONSTRAINT IF EXISTS fk_file_describes_collection_collection_2;
ALTER TABLE _4dn.file_describes_collection ADD CONSTRAINT  fk_file_describes_collection_collection_2 FOREIGN KEY (collection_id_namespace, collection_local_id) REFERENCES _4dn.collection (id_namespace, local_id);
 ----------- Adding foreign key constraint for table collection_defined_by_project ----------
ALTER TABLE _4dn.collection_defined_by_project DROP CONSTRAINT IF EXISTS fk_collection_defined_by_project_collection_1;
ALTER TABLE _4dn.collection_defined_by_project ADD CONSTRAINT  fk_collection_defined_by_project_collection_1 FOREIGN KEY (collection_id_namespace, collection_local_id) REFERENCES _4dn.collection (id_namespace, local_id);
ALTER TABLE _4dn.collection_defined_by_project DROP CONSTRAINT IF EXISTS fk_collection_defined_by_project_project_2;
ALTER TABLE _4dn.collection_defined_by_project ADD CONSTRAINT  fk_collection_defined_by_project_project_2 FOREIGN KEY (project_id_namespace, project_local_id) REFERENCES _4dn.project (id_namespace, local_id);
 ----------- Adding foreign key constraint for table file_in_collection ----------
ALTER TABLE _4dn.file_in_collection DROP CONSTRAINT IF EXISTS fk_file_in_collection_file_1;
ALTER TABLE _4dn.file_in_collection ADD CONSTRAINT  fk_file_in_collection_file_1 FOREIGN KEY (file_id_namespace, file_local_id) REFERENCES _4dn.file (id_namespace, local_id);
ALTER TABLE _4dn.file_in_collection DROP CONSTRAINT IF EXISTS fk_file_in_collection_collection_2;
ALTER TABLE _4dn.file_in_collection ADD CONSTRAINT  fk_file_in_collection_collection_2 FOREIGN KEY (collection_id_namespace, collection_local_id) REFERENCES _4dn.collection (id_namespace, local_id);
 ----------- Adding foreign key constraint for table biosample_in_collection ----------
ALTER TABLE _4dn.biosample_in_collection DROP CONSTRAINT IF EXISTS fk_biosample_in_collection_biosample_1;
ALTER TABLE _4dn.biosample_in_collection ADD CONSTRAINT  fk_biosample_in_collection_biosample_1 FOREIGN KEY (biosample_id_namespace, biosample_local_id) REFERENCES _4dn.biosample (id_namespace, local_id);
ALTER TABLE _4dn.biosample_in_collection DROP CONSTRAINT IF EXISTS fk_biosample_in_collection_collection_2;
ALTER TABLE _4dn.biosample_in_collection ADD CONSTRAINT  fk_biosample_in_collection_collection_2 FOREIGN KEY (collection_id_namespace, collection_local_id) REFERENCES _4dn.collection (id_namespace, local_id);
 ----------- Adding foreign key constraint for table subject_in_collection ----------
ALTER TABLE _4dn.subject_in_collection DROP CONSTRAINT IF EXISTS fk_subject_in_collection_subject_1;
ALTER TABLE _4dn.subject_in_collection ADD CONSTRAINT  fk_subject_in_collection_subject_1 FOREIGN KEY (subject_id_namespace, subject_local_id) REFERENCES _4dn.subject (id_namespace, local_id);
ALTER TABLE _4dn.subject_in_collection DROP CONSTRAINT IF EXISTS fk_subject_in_collection_collection_2;
ALTER TABLE _4dn.subject_in_collection ADD CONSTRAINT  fk_subject_in_collection_collection_2 FOREIGN KEY (collection_id_namespace, collection_local_id) REFERENCES _4dn.collection (id_namespace, local_id);
 ----------- Adding foreign key constraint for table file_describes_biosample ----------
ALTER TABLE _4dn.file_describes_biosample DROP CONSTRAINT IF EXISTS fk_file_describes_biosample_file_1;
ALTER TABLE _4dn.file_describes_biosample ADD CONSTRAINT  fk_file_describes_biosample_file_1 FOREIGN KEY (file_id_namespace, file_local_id) REFERENCES _4dn.file (id_namespace, local_id);
ALTER TABLE _4dn.file_describes_biosample DROP CONSTRAINT IF EXISTS fk_file_describes_biosample_biosample_2;
ALTER TABLE _4dn.file_describes_biosample ADD CONSTRAINT  fk_file_describes_biosample_biosample_2 FOREIGN KEY (biosample_id_namespace, biosample_local_id) REFERENCES _4dn.biosample (id_namespace, local_id);
 ----------- Adding foreign key constraint for table file_describes_subject ----------
ALTER TABLE _4dn.file_describes_subject DROP CONSTRAINT IF EXISTS fk_file_describes_subject_file_1;
ALTER TABLE _4dn.file_describes_subject ADD CONSTRAINT  fk_file_describes_subject_file_1 FOREIGN KEY (file_id_namespace, file_local_id) REFERENCES _4dn.file (id_namespace, local_id);
ALTER TABLE _4dn.file_describes_subject DROP CONSTRAINT IF EXISTS fk_file_describes_subject_subject_2;
ALTER TABLE _4dn.file_describes_subject ADD CONSTRAINT  fk_file_describes_subject_subject_2 FOREIGN KEY (subject_id_namespace, subject_local_id) REFERENCES _4dn.subject (id_namespace, local_id);
 ----------- Adding foreign key constraint for table biosample_from_subject ----------
ALTER TABLE _4dn.biosample_from_subject DROP CONSTRAINT IF EXISTS fk_biosample_from_subject_biosample_1;
ALTER TABLE _4dn.biosample_from_subject ADD CONSTRAINT  fk_biosample_from_subject_biosample_1 FOREIGN KEY (biosample_id_namespace, biosample_local_id) REFERENCES _4dn.biosample (id_namespace, local_id);
ALTER TABLE _4dn.biosample_from_subject DROP CONSTRAINT IF EXISTS fk_biosample_from_subject_subject_2;
ALTER TABLE _4dn.biosample_from_subject ADD CONSTRAINT  fk_biosample_from_subject_subject_2 FOREIGN KEY (subject_id_namespace, subject_local_id) REFERENCES _4dn.subject (id_namespace, local_id);
 ----------- Adding foreign key constraint for table biosample_disease ----------
ALTER TABLE _4dn.biosample_disease DROP CONSTRAINT IF EXISTS fk_biosample_disease_biosample_1;
ALTER TABLE _4dn.biosample_disease ADD CONSTRAINT  fk_biosample_disease_biosample_1 FOREIGN KEY (biosample_id_namespace, biosample_local_id) REFERENCES _4dn.biosample (id_namespace, local_id);
ALTER TABLE _4dn.biosample_disease DROP CONSTRAINT IF EXISTS fk_biosample_disease_disease_2;
ALTER TABLE _4dn.biosample_disease ADD CONSTRAINT  fk_biosample_disease_disease_2 FOREIGN KEY (disease) REFERENCES _4dn.disease (id);
 ----------- Adding foreign key constraint for table subject_disease ----------
ALTER TABLE _4dn.subject_disease DROP CONSTRAINT IF EXISTS fk_subject_disease_subject_1;
ALTER TABLE _4dn.subject_disease ADD CONSTRAINT  fk_subject_disease_subject_1 FOREIGN KEY (subject_id_namespace, subject_local_id) REFERENCES _4dn.subject (id_namespace, local_id);
ALTER TABLE _4dn.subject_disease DROP CONSTRAINT IF EXISTS fk_subject_disease_disease_2;
ALTER TABLE _4dn.subject_disease ADD CONSTRAINT  fk_subject_disease_disease_2 FOREIGN KEY (disease) REFERENCES _4dn.disease (id);
 ----------- Adding foreign key constraint for table collection_disease ----------
ALTER TABLE _4dn.collection_disease DROP CONSTRAINT IF EXISTS fk_collection_disease_collection_1;
ALTER TABLE _4dn.collection_disease ADD CONSTRAINT  fk_collection_disease_collection_1 FOREIGN KEY (collection_id_namespace, collection_local_id) REFERENCES _4dn.collection (id_namespace, local_id);
ALTER TABLE _4dn.collection_disease DROP CONSTRAINT IF EXISTS fk_collection_disease_disease_2;
ALTER TABLE _4dn.collection_disease ADD CONSTRAINT  fk_collection_disease_disease_2 FOREIGN KEY (disease) REFERENCES _4dn.disease (id);
 ----------- Adding foreign key constraint for table collection_phenotype ----------
ALTER TABLE _4dn.collection_phenotype DROP CONSTRAINT IF EXISTS fk_collection_phenotype_collection_1;
ALTER TABLE _4dn.collection_phenotype ADD CONSTRAINT  fk_collection_phenotype_collection_1 FOREIGN KEY (collection_id_namespace, collection_local_id) REFERENCES _4dn.collection (id_namespace, local_id);
ALTER TABLE _4dn.collection_phenotype DROP CONSTRAINT IF EXISTS fk_collection_phenotype_phenotype_2;
ALTER TABLE _4dn.collection_phenotype ADD CONSTRAINT  fk_collection_phenotype_phenotype_2 FOREIGN KEY (phenotype) REFERENCES _4dn.phenotype (id);
 ----------- Adding foreign key constraint for table collection_gene ----------
ALTER TABLE _4dn.collection_gene DROP CONSTRAINT IF EXISTS fk_collection_gene_collection_1;
ALTER TABLE _4dn.collection_gene ADD CONSTRAINT  fk_collection_gene_collection_1 FOREIGN KEY (collection_id_namespace, collection_local_id) REFERENCES _4dn.collection (id_namespace, local_id);
ALTER TABLE _4dn.collection_gene DROP CONSTRAINT IF EXISTS fk_collection_gene_gene_2;
ALTER TABLE _4dn.collection_gene ADD CONSTRAINT  fk_collection_gene_gene_2 FOREIGN KEY (gene) REFERENCES _4dn.gene (id);
 ----------- Adding foreign key constraint for table collection_compound ----------
ALTER TABLE _4dn.collection_compound DROP CONSTRAINT IF EXISTS fk_collection_compound_collection_1;
ALTER TABLE _4dn.collection_compound ADD CONSTRAINT  fk_collection_compound_collection_1 FOREIGN KEY (collection_id_namespace, collection_local_id) REFERENCES _4dn.collection (id_namespace, local_id);
ALTER TABLE _4dn.collection_compound DROP CONSTRAINT IF EXISTS fk_collection_compound_compound_2;
ALTER TABLE _4dn.collection_compound ADD CONSTRAINT  fk_collection_compound_compound_2 FOREIGN KEY (compound) REFERENCES _4dn.compound (id);
 ----------- Adding foreign key constraint for table collection_substance ----------
ALTER TABLE _4dn.collection_substance DROP CONSTRAINT IF EXISTS fk_collection_substance_collection_1;
ALTER TABLE _4dn.collection_substance ADD CONSTRAINT  fk_collection_substance_collection_1 FOREIGN KEY (collection_id_namespace, collection_local_id) REFERENCES _4dn.collection (id_namespace, local_id);
ALTER TABLE _4dn.collection_substance DROP CONSTRAINT IF EXISTS fk_collection_substance_substance_2;
ALTER TABLE _4dn.collection_substance ADD CONSTRAINT  fk_collection_substance_substance_2 FOREIGN KEY (substance) REFERENCES _4dn.substance (id);
 ----------- Adding foreign key constraint for table collection_taxonomy ----------
ALTER TABLE _4dn.collection_taxonomy DROP CONSTRAINT IF EXISTS fk_collection_taxonomy_collection_1;
ALTER TABLE _4dn.collection_taxonomy ADD CONSTRAINT  fk_collection_taxonomy_collection_1 FOREIGN KEY (collection_id_namespace, collection_local_id) REFERENCES _4dn.collection (id_namespace, local_id);
ALTER TABLE _4dn.collection_taxonomy DROP CONSTRAINT IF EXISTS fk_collection_taxonomy_ncbi_taxonomy_2;
ALTER TABLE _4dn.collection_taxonomy ADD CONSTRAINT  fk_collection_taxonomy_ncbi_taxonomy_2 FOREIGN KEY (taxon) REFERENCES _4dn.ncbi_taxonomy (id);
 ----------- Adding foreign key constraint for table collection_anatomy ----------
ALTER TABLE _4dn.collection_anatomy DROP CONSTRAINT IF EXISTS fk_collection_anatomy_collection_1;
ALTER TABLE _4dn.collection_anatomy ADD CONSTRAINT  fk_collection_anatomy_collection_1 FOREIGN KEY (collection_id_namespace, collection_local_id) REFERENCES _4dn.collection (id_namespace, local_id);
ALTER TABLE _4dn.collection_anatomy DROP CONSTRAINT IF EXISTS fk_collection_anatomy_anatomy_2;
ALTER TABLE _4dn.collection_anatomy ADD CONSTRAINT  fk_collection_anatomy_anatomy_2 FOREIGN KEY (anatomy) REFERENCES _4dn.anatomy (id);
 ----------- Adding foreign key constraint for table collection_protein ----------
ALTER TABLE _4dn.collection_protein DROP CONSTRAINT IF EXISTS fk_collection_protein_collection_1;
ALTER TABLE _4dn.collection_protein ADD CONSTRAINT  fk_collection_protein_collection_1 FOREIGN KEY (collection_id_namespace, collection_local_id) REFERENCES _4dn.collection (id_namespace, local_id);
ALTER TABLE _4dn.collection_protein DROP CONSTRAINT IF EXISTS fk_collection_protein_protein_2;
ALTER TABLE _4dn.collection_protein ADD CONSTRAINT  fk_collection_protein_protein_2 FOREIGN KEY (protein) REFERENCES _4dn.protein (id);
 ----------- Adding foreign key constraint for table subject_phenotype ----------
ALTER TABLE _4dn.subject_phenotype DROP CONSTRAINT IF EXISTS fk_subject_phenotype_subject_1;
ALTER TABLE _4dn.subject_phenotype ADD CONSTRAINT  fk_subject_phenotype_subject_1 FOREIGN KEY (subject_id_namespace, subject_local_id) REFERENCES _4dn.subject (id_namespace, local_id);
ALTER TABLE _4dn.subject_phenotype DROP CONSTRAINT IF EXISTS fk_subject_phenotype_phenotype_2;
ALTER TABLE _4dn.subject_phenotype ADD CONSTRAINT  fk_subject_phenotype_phenotype_2 FOREIGN KEY (phenotype) REFERENCES _4dn.phenotype (id);
 ----------- Adding foreign key constraint for table biosample_substance ----------
ALTER TABLE _4dn.biosample_substance DROP CONSTRAINT IF EXISTS fk_biosample_substance_biosample_1;
ALTER TABLE _4dn.biosample_substance ADD CONSTRAINT  fk_biosample_substance_biosample_1 FOREIGN KEY (biosample_id_namespace, biosample_local_id) REFERENCES _4dn.biosample (id_namespace, local_id);
ALTER TABLE _4dn.biosample_substance DROP CONSTRAINT IF EXISTS fk_biosample_substance_substance_2;
ALTER TABLE _4dn.biosample_substance ADD CONSTRAINT  fk_biosample_substance_substance_2 FOREIGN KEY (substance) REFERENCES _4dn.substance (id);
 ----------- Adding foreign key constraint for table subject_substance ----------
ALTER TABLE _4dn.subject_substance DROP CONSTRAINT IF EXISTS fk_subject_substance_subject_1;
ALTER TABLE _4dn.subject_substance ADD CONSTRAINT  fk_subject_substance_subject_1 FOREIGN KEY (subject_id_namespace, subject_local_id) REFERENCES _4dn.subject (id_namespace, local_id);
ALTER TABLE _4dn.subject_substance DROP CONSTRAINT IF EXISTS fk_subject_substance_substance_2;
ALTER TABLE _4dn.subject_substance ADD CONSTRAINT  fk_subject_substance_substance_2 FOREIGN KEY (substance) REFERENCES _4dn.substance (id);
 ----------- Adding foreign key constraint for table biosample_gene ----------
ALTER TABLE _4dn.biosample_gene DROP CONSTRAINT IF EXISTS fk_biosample_gene_biosample_1;
ALTER TABLE _4dn.biosample_gene ADD CONSTRAINT  fk_biosample_gene_biosample_1 FOREIGN KEY (biosample_id_namespace, biosample_local_id) REFERENCES _4dn.biosample (id_namespace, local_id);
ALTER TABLE _4dn.biosample_gene DROP CONSTRAINT IF EXISTS fk_biosample_gene_gene_2;
ALTER TABLE _4dn.biosample_gene ADD CONSTRAINT  fk_biosample_gene_gene_2 FOREIGN KEY (gene) REFERENCES _4dn.gene (id);
 ----------- Adding foreign key constraint for table phenotype_gene ----------
ALTER TABLE _4dn.phenotype_gene DROP CONSTRAINT IF EXISTS fk_phenotype_gene_phenotype_1;
ALTER TABLE _4dn.phenotype_gene ADD CONSTRAINT  fk_phenotype_gene_phenotype_1 FOREIGN KEY (phenotype) REFERENCES _4dn.phenotype (id);
ALTER TABLE _4dn.phenotype_gene DROP CONSTRAINT IF EXISTS fk_phenotype_gene_gene_2;
ALTER TABLE _4dn.phenotype_gene ADD CONSTRAINT  fk_phenotype_gene_gene_2 FOREIGN KEY (gene) REFERENCES _4dn.gene (id);
 ----------- Adding foreign key constraint for table phenotype_disease ----------
ALTER TABLE _4dn.phenotype_disease DROP CONSTRAINT IF EXISTS fk_phenotype_disease_phenotype_1;
ALTER TABLE _4dn.phenotype_disease ADD CONSTRAINT  fk_phenotype_disease_phenotype_1 FOREIGN KEY (phenotype) REFERENCES _4dn.phenotype (id);
ALTER TABLE _4dn.phenotype_disease DROP CONSTRAINT IF EXISTS fk_phenotype_disease_disease_2;
ALTER TABLE _4dn.phenotype_disease ADD CONSTRAINT  fk_phenotype_disease_disease_2 FOREIGN KEY (disease) REFERENCES _4dn.disease (id);
 ----------- Adding foreign key constraint for table subject_race ----------
ALTER TABLE _4dn.subject_race DROP CONSTRAINT IF EXISTS fk_subject_race_subject_1;
ALTER TABLE _4dn.subject_race ADD CONSTRAINT  fk_subject_race_subject_1 FOREIGN KEY (subject_id_namespace, subject_local_id) REFERENCES _4dn.subject (id_namespace, local_id);
 ----------- Adding foreign key constraint for table subject_role_taxonomy ----------
ALTER TABLE _4dn.subject_role_taxonomy DROP CONSTRAINT IF EXISTS fk_subject_role_taxonomy_subject_1;
ALTER TABLE _4dn.subject_role_taxonomy ADD CONSTRAINT  fk_subject_role_taxonomy_subject_1 FOREIGN KEY (subject_id_namespace, subject_local_id) REFERENCES _4dn.subject (id_namespace, local_id);
ALTER TABLE _4dn.subject_role_taxonomy DROP CONSTRAINT IF EXISTS fk_subject_role_taxonomy_ncbi_taxonomy_2;
ALTER TABLE _4dn.subject_role_taxonomy ADD CONSTRAINT  fk_subject_role_taxonomy_ncbi_taxonomy_2 FOREIGN KEY (taxonomy_id) REFERENCES _4dn.ncbi_taxonomy (id);
 ----------- Adding foreign key constraint for table assay_type ----------
 ----------- Adding foreign key constraint for table analysis_type ----------
 ----------- Adding foreign key constraint for table ncbi_taxonomy ----------
 ----------- Adding foreign key constraint for table anatomy ----------
 ----------- Adding foreign key constraint for table file_format ----------
 ----------- Adding foreign key constraint for table data_type ----------
 ----------- Adding foreign key constraint for table disease ----------
 ----------- Adding foreign key constraint for table phenotype ----------
 ----------- Adding foreign key constraint for table compound ----------
 ----------- Adding foreign key constraint for table substance ----------
ALTER TABLE _4dn.substance DROP CONSTRAINT IF EXISTS fk_substance_compound_1;
ALTER TABLE _4dn.substance ADD CONSTRAINT  fk_substance_compound_1 FOREIGN KEY (compound) REFERENCES _4dn.compound (id);
 ----------- Adding foreign key constraint for table gene ----------
ALTER TABLE _4dn.gene DROP CONSTRAINT IF EXISTS fk_gene_ncbi_taxonomy_1;
ALTER TABLE _4dn.gene ADD CONSTRAINT  fk_gene_ncbi_taxonomy_1 FOREIGN KEY (organism) REFERENCES _4dn.ncbi_taxonomy (id);
 ----------- Adding foreign key constraint for table protein ----------
ALTER TABLE _4dn.protein DROP CONSTRAINT IF EXISTS fk_protein_ncbi_taxonomy_1;
ALTER TABLE _4dn.protein ADD CONSTRAINT  fk_protein_ncbi_taxonomy_1 FOREIGN KEY (organism) REFERENCES _4dn.ncbi_taxonomy (id);
 ----------- Adding foreign key constraint for table protein_gene ----------
ALTER TABLE _4dn.protein_gene DROP CONSTRAINT IF EXISTS fk_protein_gene_protein_1;
ALTER TABLE _4dn.protein_gene ADD CONSTRAINT  fk_protein_gene_protein_1 FOREIGN KEY (protein) REFERENCES _4dn.protein (id);
ALTER TABLE _4dn.protein_gene DROP CONSTRAINT IF EXISTS fk_protein_gene_gene_2;
ALTER TABLE _4dn.protein_gene ADD CONSTRAINT  fk_protein_gene_gene_2 FOREIGN KEY (gene) REFERENCES _4dn.gene (id);
 ----------- Adding foreign key constraint for table sample_prep_method ----------
 ----------- Adding foreign key constraint for table id_namespace ----------
>>>>>>>>>>>>>>>>>>>>>>>>>>>>> Time taken to add foreign constraints: 0.462125301361084 seconds.


>>>>>>>> Attempting removal of .0 from columns size_in_bytes and uncompressed_size_in_bytes of table _4dn.file successful.

Update successful.

>>>>>>>>>>>>>>>>>>>>>>>>>>>>> Total time taken: 10.358332633972168 seconds.

********** C2M2 metadata ingestion completed: schema_name: _4dn.
